INFO [12-13|19:54:46.053] Maximum peer count                       ETH=50 LES=0 total=50
INFO [12-13|19:54:46.057] Smartcard socket not found, disabling    err="stat /run/pcscd/pcscd.comm: no such file or directory"
INFO [12-13|19:54:46.064] Set global gas cap                       cap=50,000,000
INFO [12-13|19:54:46.071] Allocated trie memory caches             clean=154.00MiB dirty=256.00MiB
INFO [12-13|19:54:46.071] Using leveldb as the backing database 
INFO [12-13|19:54:46.071] Allocated cache and file handles         database=/home/raspberry-node/.testchain44/geth/chaindata cache=512.00MiB handles=524,288
INFO [12-13|19:54:46.119] Using LevelDB as the backing database 
INFO [12-13|19:54:46.120] Opened ancient database                  database=/home/raspberry-node/.testchain44/geth/chaindata/ancient/chain readonly=false
INFO [12-13|19:54:46.122] Disk storage enabled for ethash caches   dir=/home/raspberry-node/.testchain44/geth/ethash count=3
INFO [12-13|19:54:46.122] Disk storage enabled for ethash DAGs     dir=/home/raspberry-node/.ethash count=2
INFO [12-13|19:54:46.122] Initialising Ethereum protocol           network=42 dbversion=<nil>
INFO [12-13|19:54:46.123]  
INFO [12-13|19:54:46.123] --------------------------------------------------------------------------------------------------------------------------------------------------------- 
INFO [12-13|19:54:46.123] Chain ID:  4257 (unknown) 
INFO [12-13|19:54:46.123] Consensus: Ethash (proof-of-work) 
INFO [12-13|19:54:46.123]  
INFO [12-13|19:54:46.124] Pre-Merge hard forks (block based): 
INFO [12-13|19:54:46.124]  - Homestead:                   #0        (https://github.com/ethereum/execution-specs/blob/master/network-upgrades/mainnet-upgrades/homestead.md) 
INFO [12-13|19:54:46.124]  - Tangerine Whistle (EIP 150): #0        (https://github.com/ethereum/execution-specs/blob/master/network-upgrades/mainnet-upgrades/tangerine-whistle.md) 
INFO [12-13|19:54:46.124]  - Spurious Dragon/1 (EIP 155): #0        (https://github.com/ethereum/execution-specs/blob/master/network-upgrades/mainnet-upgrades/spurious-dragon.md) 
INFO [12-13|19:54:46.124]  - Spurious Dragon/2 (EIP 158): #0        (https://github.com/ethereum/execution-specs/blob/master/network-upgrades/mainnet-upgrades/spurious-dragon.md) 
INFO [12-13|19:54:46.124]  - Byzantium:                   #0        (https://github.com/ethereum/execution-specs/blob/master/network-upgrades/mainnet-upgrades/byzantium.md) 
INFO [12-13|19:54:46.124]  - Constantinople:              #0        (https://github.com/ethereum/execution-specs/blob/master/network-upgrades/mainnet-upgrades/constantinople.md) 
INFO [12-13|19:54:46.124]  - Petersburg:                  #0        (https://github.com/ethereum/execution-specs/blob/master/network-upgrades/mainnet-upgrades/petersburg.md) 
INFO [12-13|19:54:46.124]  - Istanbul:                    #0        (https://github.com/ethereum/execution-specs/blob/master/network-upgrades/mainnet-upgrades/istanbul.md) 
INFO [12-13|19:54:46.124]  - Berlin:                      #0        (https://github.com/ethereum/execution-specs/blob/master/network-upgrades/mainnet-upgrades/berlin.md) 
INFO [12-13|19:54:46.124]  - London:                      #<nil> (https://github.com/ethereum/execution-specs/blob/master/network-upgrades/mainnet-upgrades/london.md) 
INFO [12-13|19:54:46.124]  
INFO [12-13|19:54:46.124] The Merge is not yet available for this network! 
INFO [12-13|19:54:46.124]  - Hard-fork specification: https://github.com/ethereum/execution-specs/blob/master/network-upgrades/mainnet-upgrades/paris.md 
INFO [12-13|19:54:46.124]  
INFO [12-13|19:54:46.124] Post-Merge hard forks (timestamp based): 
INFO [12-13|19:54:46.124]  
INFO [12-13|19:54:46.124] --------------------------------------------------------------------------------------------------------------------------------------------------------- 
INFO [12-13|19:54:46.124]  
INFO [12-13|19:54:46.127] Loaded most recent local block           number=0 hash=15e889..fbdc3a td=30 age=54y8mo3w
WARN [12-13|19:54:46.127] Failed to load snapshot                  err="missing or corrupted snapshot"
INFO [12-13|19:54:46.127] Rebuilding state snapshot 
INFO [12-13|19:54:46.128] Resuming state snapshot generation       root=56e81f..63b421 accounts=0 slots=0 storage=0.00B dangling=0 elapsed=1.384ms
INFO [12-13|19:54:46.128] Regenerated local transaction journal    transactions=0 accounts=0
INFO [12-13|19:54:46.129] Generated state snapshot                 accounts=0 slots=0 storage=0.00B dangling=0 elapsed=2.252ms
INFO [12-13|19:54:46.132] Gasprice oracle is ignoring threshold set threshold=2
WARN [12-13|19:54:46.132] Error reading unclean shutdown markers   error="leveldb: not found"
WARN [12-13|19:54:46.132] Engine API enabled                       protocol=eth
WARN [12-13|19:54:46.132] Engine API started but chain not configured for merge yet 
INFO [12-13|19:54:46.133] Starting peer-to-peer node               instance=Geth/v1.11.6-stable-ea9e62ca/linux-arm64/go1.20.5
INFO [12-13|19:54:46.170] New local node record                    seq=1,702,493,686,168 id=522f246b0b5d117c ip=127.0.0.1 udp=0 tcp=4242
INFO [12-13|19:54:46.171] Started P2P networking                   self="enode://de4defd4dbea799add9519f820559268699de8d269e15438b00dd06855a4f6ee1445da557f8c1a7abcb43c941ceb43417e234c92d4df86a069512d02b8d19f26@127.0.0.1:4242?discport=0"
INFO [12-13|19:54:46.174] IPC endpoint opened                      url=/home/raspberry-node/.testchain44/geth.ipc
INFO [12-13|19:54:46.174] Generated JWT secret                     path=/home/raspberry-node/.testchain44/geth/jwtsecret
INFO [12-13|19:54:46.177] WebSocket enabled                        url=ws://127.0.0.1:8551
INFO [12-13|19:54:46.177] HTTP server started                      endpoint=127.0.0.1:8551 auth=true prefix= cors=localhost vhosts=localhost
Welcome to the Geth JavaScript console!

instance: Geth/v1.11.6-stable-ea9e62ca/linux-arm64/go1.20.5
coinbase: 0x16dbe9a95757abfb674ee4c798dbcd4da6738513
at block: 0 (Thu Jan 01 1970 01:00:00 GMT+0100 (CET))
 datadir: /home/raspberry-node/.testchain44
 modules: admin:1.0 debug:1.0 engine:1.0 eth:1.0 ethash:1.0 miner:1.0 net:1.0 rpc:1.0 txpool:1.0 web3:1.0

To exit, press ctrl-d or type exit
> INFO [12-13|19:55:06.175] Looking for peers                        peercount=0 tried=0 static=1
WARN [12-13|19:55:27.992] Snap syncing, discarded propagated block number=1 hash=85db8b..7bc6d4
INFO [12-13|19:55:41.176] Looking for peers                        peercount=1 tried=1 static=1
INFO [12-13|19:55:51.232] Looking for peers                        peercount=1 tried=0 static=2
INFO [12-13|19:56:15.011] Block synchronisation started 
INFO [12-13|19:56:15.174] Imported new chain segment               number=16 hash=aac0a8..597ec1 blocks=16 txs=0 mgas=0.000 elapsed=55.700ms mgasps=0.000 dirty=4.25KiB
INFO [12-13|19:56:15.175] Syncing: chain download in progress      synced=+Inf% chain=18.00B headers=16@6.00B bodies=16@6.00B receipts=16@6.00B eta=-58.285ms
WARN [12-13|19:56:15.176] Synchronisation failed, retrying         err="sync cancelled"
WARN [12-13|19:56:15.518] Snap syncing, discarded propagated block number=16 hash=bbc7cb..ca80f8
INFO [12-13|19:56:25.272] Syncing: state download in progress      synced=18.47% state=196.00B accounts=1@196.00B slots=0@0.00B codes=0@0.00B eta=45.155s
INFO [12-13|19:56:25.326] Syncing: chain download in progress      synced=100.00% chain=18.00B headers=28@6.00B bodies=16@6.00B receipts=16@6.00B eta=0s
INFO [12-13|19:56:25.327] Syncing: state download in progress      synced=37.55%  state=196.00B accounts=1@196.00B slots=0@0.00B codes=0@0.00B eta=17.109s
WARN [12-13|19:56:25.337] Unexpected account range packet          peer=6833795e reqid=4,084,307,953,703,527,651
INFO [12-13|19:56:25.479] Syncing: state download in progress      synced=100.00% state=390.00B accounts=2@390.00B slots=0@0.00B codes=0@0.00B eta=-188ns
INFO [12-13|19:56:25.503] Syncing: state healing in progress       accounts=2@93.00B  slots=0@0.00B codes=0@0.00B nodes=3@314.00B pending=0
INFO [12-13|19:56:25.503] Rebuilding state snapshot 
INFO [12-13|19:56:25.504] Committed new head block                 number=16 hash=aac0a8..597ec1
INFO [12-13|19:56:25.504] Resuming state snapshot generation       root=4810b3..c88581 accounts=0         slots=0       storage=0.00B dangling=0 elapsed="833.668µs"
INFO [12-13|19:56:25.505] Generated state snapshot                 accounts=2         slots=0       storage=95.00B dangling=0 elapsed=1.430ms
INFO [12-13|19:56:25.516] Imported new chain segment               number=19 hash=4e9d33..cbb85d blocks=3  txs=0 mgas=0.000 elapsed=12.021ms    mgasps=0.000 dirty=5.57KiB
INFO [12-13|19:56:25.546] Imported new chain segment               number=28 hash=bbd7e0..c149ae blocks=9  txs=0 mgas=0.000 elapsed=28.863ms    mgasps=0.000 dirty=11.99KiB
WARN [12-13|19:56:25.813] Snap syncing, discarded propagated block number=28 hash=cba0dd..809f77
WARN [12-13|19:56:26.196] Snap syncing, discarded propagated block number=29 hash=918a76..bd7aa8
INFO [12-13|19:56:26.233] Looking for peers                        peercount=2 tried=1 static=2
WARN [12-13|19:56:27.379] Snap syncing, discarded propagated block number=29 hash=22feb7..1b5d11
INFO [12-13|19:56:28.313] Imported new chain segment               number=31 hash=c08fb5..272995 blocks=3  txs=0 mgas=0.000 elapsed=26.059ms    mgasps=0.000 dirty=14.29KiB
INFO [12-13|19:56:28.314] Syncing: chain download in progress      synced=193.75% chain=18.00B headers=31@6.00B bodies=31@6.00B receipts=31@6.00B eta=-6.385s
INFO [12-13|19:56:28.314] Snap sync complete, auto disabling 
INFO [12-13|19:56:29.806] Imported new chain segment               number=32 hash=8cf16e..e07146 blocks=1  txs=0 mgas=0.000 elapsed=8.272ms     mgasps=0.000 dirty=14.97KiB
INFO [12-13|19:56:30.557] Imported new chain segment               number=33 hash=bce161..976cdb blocks=1  txs=0 mgas=0.000 elapsed=16.470ms    mgasps=0.000 dirty=15.45KiB
INFO [12-13|19:56:33.053] Imported new chain segment               number=34 hash=fd578e..c7eb7d blocks=1  txs=0 mgas=0.000 elapsed=15.827ms    mgasps=0.000 dirty=15.92KiB
INFO [12-13|19:56:33.112] Imported new chain segment               number=35 hash=4b2e24..e61f19 blocks=1  txs=0 mgas=0.000 elapsed=11.490ms    mgasps=0.000 dirty=16.60KiB
INFO [12-13|19:56:35.756] Imported new chain segment               number=36 hash=5795b8..db7e14 blocks=1  txs=0 mgas=0.000 elapsed=15.250ms    mgasps=0.000 dirty=17.08KiB
INFO [12-13|19:56:36.644] Imported new chain segment               number=37 hash=64a319..177d49 blocks=1  txs=0 mgas=0.000 elapsed=16.160ms    mgasps=0.000 dirty=17.76KiB
INFO [12-13|19:56:39.069] Imported new chain segment               number=38 hash=7aff3c..777f6f blocks=1  txs=0 mgas=0.000 elapsed=16.399ms    mgasps=0.000 dirty=18.44KiB
INFO [12-13|19:56:39.668] Imported new chain segment               number=39 hash=362182..5db5d9 blocks=1  txs=0 mgas=0.000 elapsed=15.721ms    mgasps=0.000 dirty=19.12KiB
INFO [12-13|19:56:39.913] Imported new chain segment               number=39 hash=e1fb2c..a253d3 blocks=1  txs=0 mgas=0.000 elapsed=15.508ms    mgasps=0.000 dirty=19.80KiB
INFO [12-13|19:56:42.348] Imported new chain segment               number=40 hash=7b82e3..a4cd6b blocks=1  txs=0 mgas=0.000 elapsed=29.984ms    mgasps=0.000 dirty=20.92KiB
INFO [12-13|19:56:49.329] Updated mining threads                   threads=1
INFO [12-13|19:56:49.329] Transaction pool price threshold updated price=1,000,000,000
INFO [12-13|19:56:49.330] Commit new sealing work                  number=41 sealhash=4311a7..fa11b4 uncles=0 txs=0 gas=0 fees=0 elapsed="570.97µs"
INFO [12-13|19:56:49.330] Commit new sealing work                  number=41 sealhash=4311a7..fa11b4 uncles=0 txs=0 gas=0 fees=0 elapsed="972.684µs"
INFO [12-13|19:57:03.349] Looking for peers                        peercount=1 tried=0 static=2
