{"block_number": 2, "miner_hash": "0x13F9D0cb7F2D820516741Af5EA73dE9957097f79", "block_hash": "0x52f101622b9151adae70457231f2cb721d09d1a940d341b206a71f125c5241b5", "block_time": 1703691349, "block_parent": "0x8585f90f634fb02b7c48d9864351c1dada1632e972cf006664641684b443ba08"}
{"block_number": 2, "miner_hash": "0x13F9D0cb7F2D820516741Af5EA73dE9957097f79", "block_hash": "0x52f101622b9151adae70457231f2cb721d09d1a940d341b206a71f125c5241b5", "block_time": 1703691349, "block_parent": "0x8585f90f634fb02b7c48d9864351c1dada1632e972cf006664641684b443ba08"}
{"block_number": 3, "miner_hash": "0x734EDE7eeC3544019Ca11A8c561d09990bD71E76", "block_hash": "0x18a0232b63aa27c0afaa1a3c0752d210f143f2207180c2506cd469c6e11e0dc2", "block_time": 1703691447, "block_parent": "0x52f101622b9151adae70457231f2cb721d09d1a940d341b206a71f125c5241b5"}
{"block_number": 4, "miner_hash": "0x13F9D0cb7F2D820516741Af5EA73dE9957097f79", "block_hash": "0x02aa49a2f0371ee2e384ffa4b2dc548eb948e806d8478861e2086db43e27e337", "block_time": 1703691380, "block_parent": "0xd45a94d92e01fcd7ccf55c906df4f3dc1b16aaee3d84e8e6c67c4f5f3d1294ca"}
{"block_number": 4, "miner_hash": "0x734EDE7eeC3544019Ca11A8c561d09990bD71E76", "block_hash": "0x13653cb30d31b29530c8d8bf4982ca642e764e6595f7bac88344c7040594d89b", "block_time": 1703691448, "block_parent": "0x18a0232b63aa27c0afaa1a3c0752d210f143f2207180c2506cd469c6e11e0dc2"}
{"block_number": 6, "miner_hash": "0x13F9D0cb7F2D820516741Af5EA73dE9957097f79", "block_hash": "0xc108d7c28f2572ca628b77fc441b86f496a776cf604ac8562821cbddb486773c", "block_time": 1703691449, "block_parent": "0x3b4f893943864eb939237350a661a9a9c484b4f9ff910d833681ad7fb6e65f70"}
{"block_number": 7, "miner_hash": "0x734EDE7eeC3544019Ca11A8c561d09990bD71E76", "block_hash": "0x14908cd13d49a72a40bb06c8ddf5a387fd529bd3a011874c092ef9a84e850f96", "block_time": 1703691452, "block_parent": "0xc108d7c28f2572ca628b77fc441b86f496a776cf604ac8562821cbddb486773c"}
{"block_number": 8, "miner_hash": "0x734EDE7eeC3544019Ca11A8c561d09990bD71E76", "block_hash": "0x3f8afe0d7118a3d36e2b2743da7ba5ff33cf54293743938e781db9ea4105071e", "block_time": 1703691454, "block_parent": "0x14908cd13d49a72a40bb06c8ddf5a387fd529bd3a011874c092ef9a84e850f96"}
{"block_number": 9, "miner_hash": "0x734EDE7eeC3544019Ca11A8c561d09990bD71E76", "block_hash": "0x10ffa9b818c13404b21e248e27adb093ab7249794a1c3e13379c1ee25ceebb1d", "block_time": 1703691456, "block_parent": "0x3f8afe0d7118a3d36e2b2743da7ba5ff33cf54293743938e781db9ea4105071e"}
{"block_number": 10, "miner_hash": "0x734EDE7eeC3544019Ca11A8c561d09990bD71E76", "block_hash": "0x27857175cdbdc5ad0864872d742545a8ba4978e375acbbf1ab5c5d899c1d5ea4", "block_time": 1703691459, "block_parent": "0x10ffa9b818c13404b21e248e27adb093ab7249794a1c3e13379c1ee25ceebb1d"}
{"block_number": 11, "miner_hash": "0x734EDE7eeC3544019Ca11A8c561d09990bD71E76", "block_hash": "0x74cde8b71f2c98514338e97b9af7a890f9bb26653286c58fb2ad25f1d1efd524", "block_time": 1703691464, "block_parent": "0x27857175cdbdc5ad0864872d742545a8ba4978e375acbbf1ab5c5d899c1d5ea4"}
{"block_number": 12, "miner_hash": "0x734EDE7eeC3544019Ca11A8c561d09990bD71E76", "block_hash": "0xcd97143332bceb6b8bce2cc0cc211474bf19fd2b9486e1ac1fd66998ab127924", "block_time": 1703691485, "block_parent": "0x74cde8b71f2c98514338e97b9af7a890f9bb26653286c58fb2ad25f1d1efd524"}
{"block_number": 13, "miner_hash": "0x734EDE7eeC3544019Ca11A8c561d09990bD71E76", "block_hash": "0x8ae9225ec0616e4bf771204ccd2aaaa2e2b001e9eebbdad6ac5356bf77bd91ec", "block_time": 1703691494, "block_parent": "0xcd97143332bceb6b8bce2cc0cc211474bf19fd2b9486e1ac1fd66998ab127924"}
{"block_number": 14, "miner_hash": "0x734EDE7eeC3544019Ca11A8c561d09990bD71E76", "block_hash": "0xd917cc6083ae06211d45acd0b8638fe44ae176990eb33797879d3ee326587b3a", "block_time": 1703691498, "block_parent": "0x8ae9225ec0616e4bf771204ccd2aaaa2e2b001e9eebbdad6ac5356bf77bd91ec"}
{"block_number": 15, "miner_hash": "0x734EDE7eeC3544019Ca11A8c561d09990bD71E76", "block_hash": "0x4776b96bb2f054897489fe5513f1793b6287577175289c84d9707a904a9ed7a8", "block_time": 1703691501, "block_parent": "0xd917cc6083ae06211d45acd0b8638fe44ae176990eb33797879d3ee326587b3a"}
{"block_number": 16, "miner_hash": "0x734EDE7eeC3544019Ca11A8c561d09990bD71E76", "block_hash": "0x55fa62c4fa876709aefdea4250e677fecba25132c6b5e2c4d58373b8a64800ae", "block_time": 1703691504, "block_parent": "0x4776b96bb2f054897489fe5513f1793b6287577175289c84d9707a904a9ed7a8"}
{"block_number": 17, "miner_hash": "0x734EDE7eeC3544019Ca11A8c561d09990bD71E76", "block_hash": "0xc26f56912cfaa354514a367483fa246e38d2dde9acfe74d8811870c11066142d", "block_time": 1703691507, "block_parent": "0x55fa62c4fa876709aefdea4250e677fecba25132c6b5e2c4d58373b8a64800ae"}
{"block_number": 18, "miner_hash": "0x734EDE7eeC3544019Ca11A8c561d09990bD71E76", "block_hash": "0xa96d030666767cb8a0dedb478191d7c939280fac0091051396292f00b799742f", "block_time": 1703691515, "block_parent": "0xc26f56912cfaa354514a367483fa246e38d2dde9acfe74d8811870c11066142d"}
{"block_number": 19, "miner_hash": "0x734EDE7eeC3544019Ca11A8c561d09990bD71E76", "block_hash": "0x2304f4ec52ef8c07a7c46ace70dd1ab989798e12ead9929a99dc9f80ee125ebb", "block_time": 1703691524, "block_parent": "0xa96d030666767cb8a0dedb478191d7c939280fac0091051396292f00b799742f"}
{"block_number": 20, "miner_hash": "0x734EDE7eeC3544019Ca11A8c561d09990bD71E76", "block_hash": "0xc8cb67a2e1198a54969186d6640bd0207e480532fd957c6295de2b9332a52470", "block_time": 1703691525, "block_parent": "0x2304f4ec52ef8c07a7c46ace70dd1ab989798e12ead9929a99dc9f80ee125ebb"}
{"block_number": 21, "miner_hash": "0x734EDE7eeC3544019Ca11A8c561d09990bD71E76", "block_hash": "0x6f917ecd4dec4e2e99104c3fb17094627471843d478752d7e134cf0713ce75d8", "block_time": 1703691527, "block_parent": "0xc8cb67a2e1198a54969186d6640bd0207e480532fd957c6295de2b9332a52470"}
{"block_number": 27, "miner_hash": "0xf800ad07fB2e81F2EBF8e5BFb281FdFc807B4C19", "block_hash": "0x5de221a501d69dc0abfd5cf6c3767383751495b8d6bbf2fa42dd66db70fad161", "block_time": 1703691483, "block_parent": "0xe19dc26b384e4408730bcfd7487760fd74507a4ff4b85a405558b83d3cb48413"}
{"block_number": 32, "miner_hash": "0xf800ad07fB2e81F2EBF8e5BFb281FdFc807B4C19", "block_hash": "0xe67245ee3cbeed1cd59ff1ccad27adf5aa87202652bd460e53462466e9b2437a", "block_time": 1703691488, "block_parent": "0x720afcd1fca5cd214157903d180e3b0d2de70f722ca134a0678f850e0eee8f95"}
{"block_number": 37, "miner_hash": "0x6fe659260A1c1C41Bcc9667c10ac9b38731c33b9", "block_hash": "0x688cd7be9fbeac18884709526fce055dc0dbcd33f5b3009bd3515ad1fece9572", "block_time": 1703691493, "block_parent": "0x32fc0e06a2561dfaddce4a56221718ad63a1cc337cf356bcd8eba5809573cefd"}
{"block_number": 52, "miner_hash": "0x38A2462322B7e2abc64bA05C67039373CEECD2A4", "block_hash": "0xa65db4208c0046d9a925f4831facd71050f1349a8d46e6dfcae3afd04fba5e9c", "block_time": 1703691508, "block_parent": "0xc9926108a186ff83d6106005e5f3bac607c40c2fe15d9c70026092bbc9804982"}
{"block_number": 62, "miner_hash": "0x6fe659260A1c1C41Bcc9667c10ac9b38731c33b9", "block_hash": "0xf264c652edeac1a00af526a3b67258d82c60f8884c32254e83e2c556e9d127a5", "block_time": 1703691521, "block_parent": "0x649741891bbe88e737992971b5e4b98a85c2b519080c92bef290af1607580ce2"}
{"block_number": 67, "miner_hash": "0x38A2462322B7e2abc64bA05C67039373CEECD2A4", "block_hash": "0xa7b6bb6d1ed2ddf63920260f9747be686b666073976348b2aef5b878c9d28c48", "block_time": 1703691528, "block_parent": "0xdb371a7b1638d47d3783c352c8aa5bc5832fd030e7f6c07a04561d56af36631a"}
{"block_number": 67, "miner_hash": "0x38A2462322B7e2abc64bA05C67039373CEECD2A4", "block_hash": "0xa7b6bb6d1ed2ddf63920260f9747be686b666073976348b2aef5b878c9d28c48", "block_time": 1703691528, "block_parent": "0xdb371a7b1638d47d3783c352c8aa5bc5832fd030e7f6c07a04561d56af36631a"}
{"block_number": 68, "miner_hash": "0x734EDE7eeC3544019Ca11A8c561d09990bD71E76", "block_hash": "0xd35ee10cccb48eb11915228fb912b64c027b7c05d0c2f918e1af49b5addeafbe", "block_time": 1703691529, "block_parent": "0xa7b6bb6d1ed2ddf63920260f9747be686b666073976348b2aef5b878c9d28c48"}
{"block_number": 69, "miner_hash": "0x734EDE7eeC3544019Ca11A8c561d09990bD71E76", "block_hash": "0x81764fe60c8c8ef568a64203237e0ca86c76203c9931dc805859851d086b9385", "block_time": 1703691531, "block_parent": "0xd35ee10cccb48eb11915228fb912b64c027b7c05d0c2f918e1af49b5addeafbe"}
{"block_number": 70, "miner_hash": "0x734EDE7eeC3544019Ca11A8c561d09990bD71E76", "block_hash": "0x985353340fb2c00dcf1b4182f24200f0d263d6da4a977a8d08cf358c34c6f019", "block_time": 1703691532, "block_parent": "0x81764fe60c8c8ef568a64203237e0ca86c76203c9931dc805859851d086b9385"}
{"block_number": 70, "miner_hash": "0x13F9D0cb7F2D820516741Af5EA73dE9957097f79", "block_hash": "0x5e61b8a7f601ea51075958b652686c902928489e8f32679b6dca4a2f2dd52cf0", "block_time": 1703691534, "block_parent": "0xc941727cd6f726cd6e105337593e8dd0d767ca51ddbb8a30dd3e6d41bbf5487d"}
{"block_number": 73, "miner_hash": "0x28d0bb0021F5792Fd77BF4ec71093Bdd06a5a0c2", "block_hash": "0xe0b3b089a5cec35560a7b622a720d1fb1ea7c9de56d47cc0467e1526604a139f", "block_time": 1703691537, "block_parent": "0xe3b4ab9ed50354bfbeeb10c6bdf8a595d3aaed96c30725aac7ce064f478a1445"}
{"block_number": 74, "miner_hash": "0x734EDE7eeC3544019Ca11A8c561d09990bD71E76", "block_hash": "0x9feac6f760bf8ea52f3dda2e0dbed8768ef505dfb6c354a5b7cc7e10273d65fd", "block_time": 1703691539, "block_parent": "0xe0b3b089a5cec35560a7b622a720d1fb1ea7c9de56d47cc0467e1526604a139f"}
{"block_number": 75, "miner_hash": "0xd1D41D64FF777ffB35277A783E0026E235C5f7b0", "block_hash": "0x7916cd6c7d18c299e48a6ba0900b989780820a72e531165e3b27eed83b66d6c3", "block_time": 1703691540, "block_parent": "0xe216081e83a004981a12fae94ffefacaf02c5a5fd3488dbad3cfbd6bc18b7fd1"}
{"block_number": 76, "miner_hash": "0x38A2462322B7e2abc64bA05C67039373CEECD2A4", "block_hash": "0xf13d78d20027e0815604afe78a9cfe391ef1725216a31fad87e8157ac61cb006", "block_time": 1703691541, "block_parent": "0x7916cd6c7d18c299e48a6ba0900b989780820a72e531165e3b27eed83b66d6c3"}
{"block_number": 76, "miner_hash": "0x6fe659260A1c1C41Bcc9667c10ac9b38731c33b9", "block_hash": "0x7e7ebb7038edc146bcf1d0557390b51f6d3c4c6b6035ece06f0c02ab9348645d", "block_time": 1703691541, "block_parent": "0x7916cd6c7d18c299e48a6ba0900b989780820a72e531165e3b27eed83b66d6c3"}
{"block_number": 77, "miner_hash": "0xd1D41D64FF777ffB35277A783E0026E235C5f7b0", "block_hash": "0x3b967944b7b94354e6cf884addb86a50a53874c358caa746c5482a61afaee8f3", "block_time": 1703691542, "block_parent": "0x7e7ebb7038edc146bcf1d0557390b51f6d3c4c6b6035ece06f0c02ab9348645d"}
{"block_number": 78, "miner_hash": "0x734EDE7eeC3544019Ca11A8c561d09990bD71E76", "block_hash": "0x8ca06faee9fae747f94960ac0beb724a149e44642e3baf5d1dbf69f24baf717a", "block_time": 1703691543, "block_parent": "0x3b967944b7b94354e6cf884addb86a50a53874c358caa746c5482a61afaee8f3"}
{"block_number": 79, "miner_hash": "0x734EDE7eeC3544019Ca11A8c561d09990bD71E76", "block_hash": "0xd960848e0660a729d1edf5724d61e428f8760aba31c423764bf5482b7f69123a", "block_time": 1703691544, "block_parent": "0x8ca06faee9fae747f94960ac0beb724a149e44642e3baf5d1dbf69f24baf717a"}
{"block_number": 80, "miner_hash": "0x6fe659260A1c1C41Bcc9667c10ac9b38731c33b9", "block_hash": "0x815f48efe0916aaffd56614738bf6ca690254797b93dd0ca6236ff4d45fce42c", "block_time": 1703691545, "block_parent": "0x12a6ee0626b7d660366ddd66b2e37c6be7dbfbacde4ca7becf6c8c7316e6e3e6"}
{"block_number": 81, "miner_hash": "0x6fe659260A1c1C41Bcc9667c10ac9b38731c33b9", "block_hash": "0x45dee944036b1824d9e3f7be8d3d042c5962c3b5286d91ff6caad38673a1ed38", "block_time": 1703691546, "block_parent": "0x815f48efe0916aaffd56614738bf6ca690254797b93dd0ca6236ff4d45fce42c"}
{"block_number": 82, "miner_hash": "0xd1D41D64FF777ffB35277A783E0026E235C5f7b0", "block_hash": "0x34dfdb9b71525a737bb5ce4a143a1351aa8d03598bbe4c535ced7237f9a5fbf6", "block_time": 1703691547, "block_parent": "0x45dee944036b1824d9e3f7be8d3d042c5962c3b5286d91ff6caad38673a1ed38"}
{"block_number": 83, "miner_hash": "0xbe3d4F30f1Ff55D66aBC6b7881191BfCcd1Fc411", "block_hash": "0x6bc8c8abefabf38125e8a7537f21569b70d494bfbe6e605a96c6d7d2a91fb3e5", "block_time": 1703691548, "block_parent": "0x34dfdb9b71525a737bb5ce4a143a1351aa8d03598bbe4c535ced7237f9a5fbf6"}
{"block_number": 84, "miner_hash": "0x28d0bb0021F5792Fd77BF4ec71093Bdd06a5a0c2", "block_hash": "0xdadef6b9fedb826b0b32595fcb45ec59728c0214a02bf49b5ba0ab9a3844b12a", "block_time": 1703691549, "block_parent": "0x6bc8c8abefabf38125e8a7537f21569b70d494bfbe6e605a96c6d7d2a91fb3e5"}
{"block_number": 84, "miner_hash": "0xf800ad07fB2e81F2EBF8e5BFb281FdFc807B4C19", "block_hash": "0x6a20c1ee912e970275f5be1bbf8e7085c6ace031fece70f0d1972642456db534", "block_time": 1703691549, "block_parent": "0x6bc8c8abefabf38125e8a7537f21569b70d494bfbe6e605a96c6d7d2a91fb3e5"}
{"block_number": 85, "miner_hash": "0xd1D41D64FF777ffB35277A783E0026E235C5f7b0", "block_hash": "0x241afcc42c3f8b66f157476dee6a9baf9bbe49466d856f1684d6df8ad8160232", "block_time": 1703691550, "block_parent": "0xdadef6b9fedb826b0b32595fcb45ec59728c0214a02bf49b5ba0ab9a3844b12a"}
{"block_number": 86, "miner_hash": "0x734EDE7eeC3544019Ca11A8c561d09990bD71E76", "block_hash": "0xbcb29003fc56b8baa031d9b18d0f2c22b1362686f5741435ccc4e4654e1bb7a6", "block_time": 1703691551, "block_parent": "0x241afcc42c3f8b66f157476dee6a9baf9bbe49466d856f1684d6df8ad8160232"}
{"block_number": 87, "miner_hash": "0x28d0bb0021F5792Fd77BF4ec71093Bdd06a5a0c2", "block_hash": "0x3822d5d6aa0f5a8987b708b35d7e1b4cbacd9e0d985fdf011434b6279360cc21", "block_time": 1703691552, "block_parent": "0x5544a045f1ce8bf39c316427f93b4074e45c8ff7da475725830775b4021a648c"}
{"block_number": 88, "miner_hash": "0xd1D41D64FF777ffB35277A783E0026E235C5f7b0", "block_hash": "0x692fbedb2dcfe967e43c4069612d5ef9bf719ff058addb62ef7ac9f266b2dc45", "block_time": 1703691553, "block_parent": "0x3822d5d6aa0f5a8987b708b35d7e1b4cbacd9e0d985fdf011434b6279360cc21"}
{"block_number": 89, "miner_hash": "0x13F9D0cb7F2D820516741Af5EA73dE9957097f79", "block_hash": "0xf59352ae0ba94d31db001d890c7bcbe47b8a97284e525c2ebca1bc1838551aee", "block_time": 1703691554, "block_parent": "0x692fbedb2dcfe967e43c4069612d5ef9bf719ff058addb62ef7ac9f266b2dc45"}
{"block_number": 90, "miner_hash": "0x38A2462322B7e2abc64bA05C67039373CEECD2A4", "block_hash": "0x6c2f2a9e7885a10266e502228b0ae197b346ae5a03b169a82d953cd4b97714a7", "block_time": 1703691555, "block_parent": "0xf59352ae0ba94d31db001d890c7bcbe47b8a97284e525c2ebca1bc1838551aee"}
{"block_number": 91, "miner_hash": "0x38A2462322B7e2abc64bA05C67039373CEECD2A4", "block_hash": "0x0b5622149d75c4769c1c34f82708e55d80a432d2852b6a01f43b794e7d4a4a56", "block_time": 1703691556, "block_parent": "0x6c2f2a9e7885a10266e502228b0ae197b346ae5a03b169a82d953cd4b97714a7"}
{"block_number": 92, "miner_hash": "0x6fe659260A1c1C41Bcc9667c10ac9b38731c33b9", "block_hash": "0x0c5e5b68c583503e06e8712f51b59a6a03ae87d5d0f25deff1479ec6700347f5", "block_time": 1703691557, "block_parent": "0x12bb775dcc6a663c53438a8e2974a6be9c630ffe1099556b311b5d2a94b60f82"}
{"block_number": 93, "miner_hash": "0x734EDE7eeC3544019Ca11A8c561d09990bD71E76", "block_hash": "0x0fd6e18cfd1d86f07a8685d7bc7564aba146731af38164619444ffe03dfdd712", "block_time": 1703691558, "block_parent": "0x0c5e5b68c583503e06e8712f51b59a6a03ae87d5d0f25deff1479ec6700347f5"}
{"block_number": 94, "miner_hash": "0x13F9D0cb7F2D820516741Af5EA73dE9957097f79", "block_hash": "0xa0d05443d03e5a6c9195370ae135ad05eac70c5aaa80baadffec49a7de67935f", "block_time": 1703691560, "block_parent": "0xce56f4d9a75905f052ccadb4f3ca936317d5145901c73070f24f5c6cd5869df5"}
{"block_number": 94, "miner_hash": "0x28d0bb0021F5792Fd77BF4ec71093Bdd06a5a0c2", "block_hash": "0x9b92d5562f5501622e905aa36539d69304d061554c2987bfb81c5e818efc8abc", "block_time": 1703691560, "block_parent": "0xce56f4d9a75905f052ccadb4f3ca936317d5145901c73070f24f5c6cd5869df5"}
{"block_number": 95, "miner_hash": "0x13F9D0cb7F2D820516741Af5EA73dE9957097f79", "block_hash": "0xe38513ab928bc3a8a67b85cc0ca8e181600925cf7f8c56fe8e4ec223344d7379", "block_time": 1703691561, "block_parent": "0xa0d05443d03e5a6c9195370ae135ad05eac70c5aaa80baadffec49a7de67935f"}
{"block_number": 96, "miner_hash": "0xd1D41D64FF777ffB35277A783E0026E235C5f7b0", "block_hash": "0xcba8e2ab7f0ba24d4601706b089aca1c2b90cb4f7a477c76bf3230fb3430f54d", "block_time": 1703691564, "block_parent": "0xe38513ab928bc3a8a67b85cc0ca8e181600925cf7f8c56fe8e4ec223344d7379"}
{"block_number": 97, "miner_hash": "0xbe3d4F30f1Ff55D66aBC6b7881191BfCcd1Fc411", "block_hash": "0xaf9b084ba35feaf9b2401d515926a36bb735d819de620cc0d70980a4b9711f0a", "block_time": 1703691565, "block_parent": "0xcba8e2ab7f0ba24d4601706b089aca1c2b90cb4f7a477c76bf3230fb3430f54d"}
{"block_number": 98, "miner_hash": "0x734EDE7eeC3544019Ca11A8c561d09990bD71E76", "block_hash": "0xc6931f50047917c117a6a000d01bc45aa09b5b3f94cf3ed67a147c6cf74a0c27", "block_time": 1703691566, "block_parent": "0xaf9b084ba35feaf9b2401d515926a36bb735d819de620cc0d70980a4b9711f0a"}
{"block_number": 99, "miner_hash": "0x734EDE7eeC3544019Ca11A8c561d09990bD71E76", "block_hash": "0x1cbf4264ef721598aa9299b84e8d9a99fefe469538a102b80cef9327a770449c", "block_time": 1703691568, "block_parent": "0xc6931f50047917c117a6a000d01bc45aa09b5b3f94cf3ed67a147c6cf74a0c27"}
{"block_number": 99, "miner_hash": "0x734EDE7eeC3544019Ca11A8c561d09990bD71E76", "block_hash": "0x1cbf4264ef721598aa9299b84e8d9a99fefe469538a102b80cef9327a770449c", "block_time": 1703691568, "block_parent": "0xc6931f50047917c117a6a000d01bc45aa09b5b3f94cf3ed67a147c6cf74a0c27"}
{"block_number": 100, "miner_hash": "0x13F9D0cb7F2D820516741Af5EA73dE9957097f79", "block_hash": "0xe1e8e3718fcfcc1072769328385a54a8505bd95e2feec99fcdc92039493a5fb2", "block_time": 1703691570, "block_parent": "0x5a7562df9e1716557acc95da25a440cea63cd2ff952617b7c31912fb872b1e12"}
{"block_number": 101, "miner_hash": "0xbe3d4F30f1Ff55D66aBC6b7881191BfCcd1Fc411", "block_hash": "0x4d740a0d3764027692d6342afc76a1c34eae45ab2c26567aa6dbb7ece672b61c", "block_time": 1703691574, "block_parent": "0xe1e8e3718fcfcc1072769328385a54a8505bd95e2feec99fcdc92039493a5fb2"}
{"block_number": 102, "miner_hash": "0xd1D41D64FF777ffB35277A783E0026E235C5f7b0", "block_hash": "0x4e16302f23a7395806a03af2fa8d2101e0c072f05980e6b705b05ad8a0a6c353", "block_time": 1703691576, "block_parent": "0x4d740a0d3764027692d6342afc76a1c34eae45ab2c26567aa6dbb7ece672b61c"}
{"block_number": 103, "miner_hash": "0xbe3d4F30f1Ff55D66aBC6b7881191BfCcd1Fc411", "block_hash": "0xc13a22e16d4dc68f225b1dd39fe6cc5c9b93d4e4beb69e594a1b29550bb16967", "block_time": 1703691577, "block_parent": "0x4e16302f23a7395806a03af2fa8d2101e0c072f05980e6b705b05ad8a0a6c353"}
{"block_number": 104, "miner_hash": "0xd1D41D64FF777ffB35277A783E0026E235C5f7b0", "block_hash": "0xddbc23216280729522a9f8e65acbdf72fd4955814966ea8313f89a4f50d90956", "block_time": 1703691578, "block_parent": "0xc13a22e16d4dc68f225b1dd39fe6cc5c9b93d4e4beb69e594a1b29550bb16967"}
{"block_number": 105, "miner_hash": "0x734EDE7eeC3544019Ca11A8c561d09990bD71E76", "block_hash": "0xf7e90ac5578e5bb06527e55ff37f02b3c32e005b14437699fc68d3e395a92100", "block_time": 1703691579, "block_parent": "0xddbc23216280729522a9f8e65acbdf72fd4955814966ea8313f89a4f50d90956"}
{"block_number": 106, "miner_hash": "0x28d0bb0021F5792Fd77BF4ec71093Bdd06a5a0c2", "block_hash": "0x50d1b2e6cf4083c0b1aab53c5d486463be48dc3cd43b930a4adfae1ae2797ec8", "block_time": 1703691581, "block_parent": "0xdf4637e2b564cba6c6609703797c9b8b3f7548f69c46eda66e185f95aa4de50a"}
{"block_number": 107, "miner_hash": "0xbe3d4F30f1Ff55D66aBC6b7881191BfCcd1Fc411", "block_hash": "0x04846e83deda84b1113de40f8374f609361d0f6af11ce87aeb4df24f3164ce57", "block_time": 1703691582, "block_parent": "0x50d1b2e6cf4083c0b1aab53c5d486463be48dc3cd43b930a4adfae1ae2797ec8"}
{"block_number": 108, "miner_hash": "0xf800ad07fB2e81F2EBF8e5BFb281FdFc807B4C19", "block_hash": "0x18de1afa2ddfb9b07e841bad589ceda0448834bd5a21a2138d9db7232a4501a0", "block_time": 1703691583, "block_parent": "0x04846e83deda84b1113de40f8374f609361d0f6af11ce87aeb4df24f3164ce57"}
{"block_number": 109, "miner_hash": "0x28d0bb0021F5792Fd77BF4ec71093Bdd06a5a0c2", "block_hash": "0x06c070a689a1c6b0480beca334338dbac9fce7491b098a49120c42ab9e166330", "block_time": 1703691584, "block_parent": "0x18de1afa2ddfb9b07e841bad589ceda0448834bd5a21a2138d9db7232a4501a0"}
{"block_number": 110, "miner_hash": "0x28d0bb0021F5792Fd77BF4ec71093Bdd06a5a0c2", "block_hash": "0x8668d97e2aa6f6dc77e96504db166eb5f2397811a9338c479317f3791b904de4", "block_time": 1703691585, "block_parent": "0x06c070a689a1c6b0480beca334338dbac9fce7491b098a49120c42ab9e166330"}
{"block_number": 111, "miner_hash": "0xd1D41D64FF777ffB35277A783E0026E235C5f7b0", "block_hash": "0xc21fc329801f6abf5994c00532ca8c9d68e44e3fb54cf051fc854d9cb8a2613c", "block_time": 1703691586, "block_parent": "0x8668d97e2aa6f6dc77e96504db166eb5f2397811a9338c479317f3791b904de4"}
{"block_number": 112, "miner_hash": "0x734EDE7eeC3544019Ca11A8c561d09990bD71E76", "block_hash": "0x6f26776d355a6592ced124ad32ecc721735d074ccd76c877299560b92b886c2e", "block_time": 1703691587, "block_parent": "0xc21fc329801f6abf5994c00532ca8c9d68e44e3fb54cf051fc854d9cb8a2613c"}
{"block_number": 113, "miner_hash": "0xf800ad07fB2e81F2EBF8e5BFb281FdFc807B4C19", "block_hash": "0xac9bb4e88df383049b1f021303b75e9f03a3fde05d136a1c38e03bb79a1e05f5", "block_time": 1703691588, "block_parent": "0x3a73971353eee6c1da018ba341b7d423c9fb961bf3bde7104b3833dfacef465b"}
{"block_number": 114, "miner_hash": "0x734EDE7eeC3544019Ca11A8c561d09990bD71E76", "block_hash": "0xfaaf77a0fa0a887100ce545d07d8505f9ab44b5e12b86341807ed0c7dc70ebb6", "block_time": 1703691589, "block_parent": "0xac9bb4e88df383049b1f021303b75e9f03a3fde05d136a1c38e03bb79a1e05f5"}
{"block_number": 115, "miner_hash": "0x38A2462322B7e2abc64bA05C67039373CEECD2A4", "block_hash": "0x2b4f36ccaf31dfa259d2eeec00458341f7b4d8d9f5479b119b0579d74e32ff65", "block_time": 1703691592, "block_parent": "0x19250de709fac344f38b89d95fdf5c5848fc67321a8623cba3756dd640e57084"}
{"block_number": 116, "miner_hash": "0x28d0bb0021F5792Fd77BF4ec71093Bdd06a5a0c2", "block_hash": "0x0448a3402cc276d5651b47164bc1731d548b8aff7da78203d8c16279317a8782", "block_time": 1703691593, "block_parent": "0x2b4f36ccaf31dfa259d2eeec00458341f7b4d8d9f5479b119b0579d74e32ff65"}
{"block_number": 117, "miner_hash": "0x13F9D0cb7F2D820516741Af5EA73dE9957097f79", "block_hash": "0xe89cb6c8f0c2d7a7731690e706ea9d020a0891f9f7b026aafac5aad980b464bc", "block_time": 1703691594, "block_parent": "0x0448a3402cc276d5651b47164bc1731d548b8aff7da78203d8c16279317a8782"}
{"block_number": 118, "miner_hash": "0xd1D41D64FF777ffB35277A783E0026E235C5f7b0", "block_hash": "0x1d86c9ec9e349323b00cecd5fcdc08dbe539b3bfea01ba3e6a33136f2bff5204", "block_time": 1703691595, "block_parent": "0xe89cb6c8f0c2d7a7731690e706ea9d020a0891f9f7b026aafac5aad980b464bc"}
{"block_number": 119, "miner_hash": "0xbe3d4F30f1Ff55D66aBC6b7881191BfCcd1Fc411", "block_hash": "0x4ff7aa469a64c7d04317d80c67f29ad4679270b7aa3285553c1018d2417a02d6", "block_time": 1703691596, "block_parent": "0x1d86c9ec9e349323b00cecd5fcdc08dbe539b3bfea01ba3e6a33136f2bff5204"}
{"block_number": 120, "miner_hash": "0xbe3d4F30f1Ff55D66aBC6b7881191BfCcd1Fc411", "block_hash": "0xd6f7852b1426c4723a0d34964d1fd13d87caf1edd96025e2b9e2d36c420e860c", "block_time": 1703691597, "block_parent": "0x4ff7aa469a64c7d04317d80c67f29ad4679270b7aa3285553c1018d2417a02d6"}
{"block_number": 121, "miner_hash": "0xf800ad07fB2e81F2EBF8e5BFb281FdFc807B4C19", "block_hash": "0xe1f856da32b299c7081fb33c610c9bc9a34600fbb9b757f1ae6b32e59fbdeb73", "block_time": 1703691598, "block_parent": "0xd6f7852b1426c4723a0d34964d1fd13d87caf1edd96025e2b9e2d36c420e860c"}
{"block_number": 122, "miner_hash": "0xd1D41D64FF777ffB35277A783E0026E235C5f7b0", "block_hash": "0xe15e987e3173967f35c69028044d42ade8903bbc50fe2f346209553df2d35452", "block_time": 1703691599, "block_parent": "0xe1f856da32b299c7081fb33c610c9bc9a34600fbb9b757f1ae6b32e59fbdeb73"}
{"block_number": 122, "miner_hash": "0xf800ad07fB2e81F2EBF8e5BFb281FdFc807B4C19", "block_hash": "0x564e3f6ab5380abcf53d74ba844ee40bdfcc8c71045012d672bbbe06a5f34aa4", "block_time": 1703691599, "block_parent": "0xe1f856da32b299c7081fb33c610c9bc9a34600fbb9b757f1ae6b32e59fbdeb73"}
{"block_number": 123, "miner_hash": "0xbe3d4F30f1Ff55D66aBC6b7881191BfCcd1Fc411", "block_hash": "0xc120ed87edcfe29937293ab97dc73ec5332900780604bbbad693539ed4854ea5", "block_time": 1703691600, "block_parent": "0x564e3f6ab5380abcf53d74ba844ee40bdfcc8c71045012d672bbbe06a5f34aa4"}
{"block_number": 124, "miner_hash": "0x28d0bb0021F5792Fd77BF4ec71093Bdd06a5a0c2", "block_hash": "0x7e0739e39f5142d00da4b93a292c13e64c9d45c9e58979ebdee45a7987fb731d", "block_time": 1703691601, "block_parent": "0xc120ed87edcfe29937293ab97dc73ec5332900780604bbbad693539ed4854ea5"}
{"block_number": 125, "miner_hash": "0x6fe659260A1c1C41Bcc9667c10ac9b38731c33b9", "block_hash": "0x8701f3e865cddcb8666dff69e130e53340a911a4c9f67361c9819b9099c17472", "block_time": 1703691602, "block_parent": "0x7e0739e39f5142d00da4b93a292c13e64c9d45c9e58979ebdee45a7987fb731d"}
{"block_number": 126, "miner_hash": "0x38A2462322B7e2abc64bA05C67039373CEECD2A4", "block_hash": "0x730d6b0498e8f3eed12a1d95b38515ee6fabb59c097166f1d2b8c503a747e40c", "block_time": 1703691603, "block_parent": "0x8701f3e865cddcb8666dff69e130e53340a911a4c9f67361c9819b9099c17472"}
{"block_number": 127, "miner_hash": "0xbe3d4F30f1Ff55D66aBC6b7881191BfCcd1Fc411", "block_hash": "0xcbfaf51fe9a3e5d70d812f4a1f3e7f245b553d86f65bc9f47026d03bfd40d196", "block_time": 1703691604, "block_parent": "0x730d6b0498e8f3eed12a1d95b38515ee6fabb59c097166f1d2b8c503a747e40c"}
{"block_number": 128, "miner_hash": "0xd1D41D64FF777ffB35277A783E0026E235C5f7b0", "block_hash": "0xa095028283cf087560f3c141a15c4aeff541ed2eb13b801e6917b227eabb2b5b", "block_time": 1703691605, "block_parent": "0xcbfaf51fe9a3e5d70d812f4a1f3e7f245b553d86f65bc9f47026d03bfd40d196"}
{"block_number": 129, "miner_hash": "0x28d0bb0021F5792Fd77BF4ec71093Bdd06a5a0c2", "block_hash": "0x98ae2395088d8a0526cb859a7a758d5b7edadf2dfb10d1121df0617b2c56ff78", "block_time": 1703691607, "block_parent": "0xa095028283cf087560f3c141a15c4aeff541ed2eb13b801e6917b227eabb2b5b"}
{"block_number": 130, "miner_hash": "0xd1D41D64FF777ffB35277A783E0026E235C5f7b0", "block_hash": "0xf68bb24197ba3a5bcca063ce0da54f16c7b3576b025f9eb774416c5233c91e58", "block_time": 1703691607, "block_parent": "0x7d6af1357d7713558dad80cbe97e9ec7b30377d9558f9a49a80c6c4392c2d799"}
{"block_number": 131, "miner_hash": "0xd1D41D64FF777ffB35277A783E0026E235C5f7b0", "block_hash": "0x1a1cc280254b4b10ed8b44cf21e4d774b8e3fc31acf80fda54f332c95f0ecd58", "block_time": 1703691608, "block_parent": "0xf68bb24197ba3a5bcca063ce0da54f16c7b3576b025f9eb774416c5233c91e58"}
{"block_number": 132, "miner_hash": "0x38A2462322B7e2abc64bA05C67039373CEECD2A4", "block_hash": "0x75dec136f4037e00afe518c0c1ee9b512c26b0845037c57df4d6e0da35be85bd", "block_time": 1703691609, "block_parent": "0x1a1cc280254b4b10ed8b44cf21e4d774b8e3fc31acf80fda54f332c95f0ecd58"}
{"block_number": 133, "miner_hash": "0x734EDE7eeC3544019Ca11A8c561d09990bD71E76", "block_hash": "0xa1b24f307c7c9d7d3366dd3f40c05ffb4928196fb72002b37371fbc63887c2c9", "block_time": 1703691610, "block_parent": "0x75dec136f4037e00afe518c0c1ee9b512c26b0845037c57df4d6e0da35be85bd"}
{"block_number": 134, "miner_hash": "0x734EDE7eeC3544019Ca11A8c561d09990bD71E76", "block_hash": "0xf2b93e698a107aaa63d8e19b660e489c53b76d5effadce1132c01d48ea365f21", "block_time": 1703691611, "block_parent": "0xa1b24f307c7c9d7d3366dd3f40c05ffb4928196fb72002b37371fbc63887c2c9"}
{"block_number": 135, "miner_hash": "0x734EDE7eeC3544019Ca11A8c561d09990bD71E76", "block_hash": "0x7d4f2d5d71e9ca408d61b612c8e03d65640d175f5d38ddf3722aa0f12ee58b39", "block_time": 1703691612, "block_parent": "0xf2b93e698a107aaa63d8e19b660e489c53b76d5effadce1132c01d48ea365f21"}
{"block_number": 136, "miner_hash": "0x734EDE7eeC3544019Ca11A8c561d09990bD71E76", "block_hash": "0x215f8ef57814e7e2189dcfe78bc0a3680417715fe62e8ad1aed3e3430b461ccf", "block_time": 1703691613, "block_parent": "0x7d4f2d5d71e9ca408d61b612c8e03d65640d175f5d38ddf3722aa0f12ee58b39"}
{"block_number": 137, "miner_hash": "0x734EDE7eeC3544019Ca11A8c561d09990bD71E76", "block_hash": "0x98dcc4ed0813edb267461c1ce1c1da754dd0fd4e6ede362dd0e690b27c475fcc", "block_time": 1703691616, "block_parent": "0x215f8ef57814e7e2189dcfe78bc0a3680417715fe62e8ad1aed3e3430b461ccf"}
{"block_number": 138, "miner_hash": "0x734EDE7eeC3544019Ca11A8c561d09990bD71E76", "block_hash": "0x8a9738ff8a41821824e29496167f416aa584e3140168ea3e6bbd83e9109ebce7", "block_time": 1703691623, "block_parent": "0x98dcc4ed0813edb267461c1ce1c1da754dd0fd4e6ede362dd0e690b27c475fcc"}
{"block_number": 142, "miner_hash": "0x13F9D0cb7F2D820516741Af5EA73dE9957097f79", "block_hash": "0x45590b5492497535ad0ca51de40bef6e99f9f7b7cb54c8af9f8ff590bf7c6622", "block_time": 1703691620, "block_parent": "0x2750f50296115b5ceed1407e1d33aa9258560f8c9d9278a009ca7d29de25bd56"}
{"block_number": 152, "miner_hash": "0x28d0bb0021F5792Fd77BF4ec71093Bdd06a5a0c2", "block_hash": "0x95fc69cc8f3ecc829bb7d0459b18ead2e25934ead35069cf6b826c6641c40257", "block_time": 1703691639, "block_parent": "0x5b1f0c2a2278292c7705de761051302266dce857ae21e721c589621c7adbe1e7"}
{"block_number": 157, "miner_hash": "0xbe3d4F30f1Ff55D66aBC6b7881191BfCcd1Fc411", "block_hash": "0x234073e22771606c7329d6dbf1597e8b1ff26db6748f5c9f22ad737453caf0a5", "block_time": 1703691645, "block_parent": "0x12cde669e71a9be365b0cee00fcbcabc81c7b6fd45937d81b56da5c84481e0d9"}
{"block_number": 158, "miner_hash": "0x734EDE7eeC3544019Ca11A8c561d09990bD71E76", "block_hash": "0xa937d9352ab1c3f43c1b72be54d754b1a7503ed83ae930cf789e32a730701469", "block_time": 1703691647, "block_parent": "0x234073e22771606c7329d6dbf1597e8b1ff26db6748f5c9f22ad737453caf0a5"}
{"block_number": 159, "miner_hash": "0xbe3d4F30f1Ff55D66aBC6b7881191BfCcd1Fc411", "block_hash": "0x39238a0f20cdb3c734af8adc746268bf2cb71f1578ce8764e445efe1bd1d4923", "block_time": 1703691648, "block_parent": "0x4e867806ccb676a0c59a37d08a2978d53161fbaf28304013eed0ddc0234c07bb"}
{"block_number": 160, "miner_hash": "0x734EDE7eeC3544019Ca11A8c561d09990bD71E76", "block_hash": "0xd7a2513db38218f4934ae6f5614a5408865abc8f9ff85ea4ef5fdb765e828fd4", "block_time": 1703691649, "block_parent": "0x39238a0f20cdb3c734af8adc746268bf2cb71f1578ce8764e445efe1bd1d4923"}
{"block_number": 162, "miner_hash": "0x28d0bb0021F5792Fd77BF4ec71093Bdd06a5a0c2", "block_hash": "0xc9d76484b070792e9c20c056d99472fa9b6f9bd6c144900e0b6b0b5612806f0a", "block_time": 1703691651, "block_parent": "0x40c4fa6c3ccd69393374dffacfab9d6636bc9361751c2cde0859fdaac38cb993"}
{"block_number": 166, "miner_hash": "0x6fe659260A1c1C41Bcc9667c10ac9b38731c33b9", "block_hash": "0x9a7e9fc45b4bf029a93805b01342ad004c1527fe2a88934e1aba5478c6eb8817", "block_time": 1703691655, "block_parent": "0x8ff56a3b5e0597b7ed5c20de8c02325926904d882ec3f857244a6ad3797ac92b"}
{"block_number": 166, "miner_hash": "0x28d0bb0021F5792Fd77BF4ec71093Bdd06a5a0c2", "block_hash": "0xfc783108c9abda7561eefadb8ddd511af41b59d503185cf1c2a8b5077df6154c", "block_time": 1703691656, "block_parent": "0xbd3bdd1e2e09fec2fe8fbfdd4fc3954db3d8148a7f1d08e7fc09e45591758a09"}
{"block_number": 167, "miner_hash": "0x6fe659260A1c1C41Bcc9667c10ac9b38731c33b9", "block_hash": "0x6ed68fd3351d473d1b7aa3d6811899f49a3ed8308e134d2405c6efd87ae6a44b", "block_time": 1703691656, "block_parent": "0x9a7e9fc45b4bf029a93805b01342ad004c1527fe2a88934e1aba5478c6eb8817"}
{"block_number": 167, "miner_hash": "0x13F9D0cb7F2D820516741Af5EA73dE9957097f79", "block_hash": "0x8c096d6c4f611a1e2dd91656965bc8ed5bfbae062e392870c779659a8b985521", "block_time": 1703691657, "block_parent": "0x9a7e9fc45b4bf029a93805b01342ad004c1527fe2a88934e1aba5478c6eb8817"}
{"block_number": 167, "miner_hash": "0x28d0bb0021F5792Fd77BF4ec71093Bdd06a5a0c2", "block_hash": "0x769d21a66d24204f2038812569acf224b6e446a58daaaa2a2e7dc45628bf196d", "block_time": 1703691658, "block_parent": "0xfc783108c9abda7561eefadb8ddd511af41b59d503185cf1c2a8b5077df6154c"}
{"block_number": 168, "miner_hash": "0x38A2462322B7e2abc64bA05C67039373CEECD2A4", "block_hash": "0xadd7c914e4a8fe3e62f561d355179541ec042dc73f9787eb3199e7c556635789", "block_time": 1703691659, "block_parent": "0x8c096d6c4f611a1e2dd91656965bc8ed5bfbae062e392870c779659a8b985521"}
{"block_number": 169, "miner_hash": "0xd1D41D64FF777ffB35277A783E0026E235C5f7b0", "block_hash": "0x04e5751db58e7b6b30af4e63878fe32d134705d116403aa8e1b2db26d403eb5d", "block_time": 1703691661, "block_parent": "0xadd7c914e4a8fe3e62f561d355179541ec042dc73f9787eb3199e7c556635789"}
{"block_number": 170, "miner_hash": "0xbe3d4F30f1Ff55D66aBC6b7881191BfCcd1Fc411", "block_hash": "0xca955122a58d589443012a6a4b81c3e65e26a11ca449eac51fc871f84819722f", "block_time": 1703691663, "block_parent": "0x04e5751db58e7b6b30af4e63878fe32d134705d116403aa8e1b2db26d403eb5d"}
{"block_number": 171, "miner_hash": "0x38A2462322B7e2abc64bA05C67039373CEECD2A4", "block_hash": "0x94674b5fa375327a0b44c5f6505e7637b99183817d091605d8d23b74bfd03f62", "block_time": 1703691664, "block_parent": "0xca955122a58d589443012a6a4b81c3e65e26a11ca449eac51fc871f84819722f"}
{"block_number": 172, "miner_hash": "0x734EDE7eeC3544019Ca11A8c561d09990bD71E76", "block_hash": "0x60f3f9922a3ca7d44717c5ab8f80f5f15d332e0d1c643cc9e95b63db5df8939d", "block_time": 1703691666, "block_parent": "0x94674b5fa375327a0b44c5f6505e7637b99183817d091605d8d23b74bfd03f62"}
{"block_number": 173, "miner_hash": "0x38A2462322B7e2abc64bA05C67039373CEECD2A4", "block_hash": "0x99ed2d9c0a2f88a6de25037037fa5aa32aabf8d52717dc36f462a7c9967a837a", "block_time": 1703691669, "block_parent": "0x9e710cdc1fcc46d2879ecf4683ac1ddba3d0f5f2b0572e04a2ce4813f50054f2"}
{"block_number": 174, "miner_hash": "0xbe3d4F30f1Ff55D66aBC6b7881191BfCcd1Fc411", "block_hash": "0x0e4fdb91ed59ed08b72978b02e0071bc599ce0907086c316bdcd7bc95b3e648f", "block_time": 1703691670, "block_parent": "0x99ed2d9c0a2f88a6de25037037fa5aa32aabf8d52717dc36f462a7c9967a837a"}
{"block_number": 177, "miner_hash": "0xd1D41D64FF777ffB35277A783E0026E235C5f7b0", "block_hash": "0xa0e7c70cd38556fdf63a103b466c4777b1a3655829bc91612e9fba1b42ae4c17", "block_time": 1703691673, "block_parent": "0x0494eb9348b45b9ac77ac028998565e723483aaf8f2ef006a566eb53563337b5"}
{"block_number": 181, "miner_hash": "0xf800ad07fB2e81F2EBF8e5BFb281FdFc807B4C19", "block_hash": "0xf1b2b94007d2c3b5223e1d28aa65d98c656628c9242ad7ec3dbc3ad6a1107ee2", "block_time": 1703691678, "block_parent": "0x83cfbb2b8028289218b162f556373a16a6ed3993d1e3c124c9cd7282f242ab2a"}
{"block_number": 182, "miner_hash": "0xbe3d4F30f1Ff55D66aBC6b7881191BfCcd1Fc411", "block_hash": "0xb32c2b7407913e41c7633168c32086f76170a82ec8c6b08f2f8a616d96ab15dd", "block_time": 1703691679, "block_parent": "0xf1b2b94007d2c3b5223e1d28aa65d98c656628c9242ad7ec3dbc3ad6a1107ee2"}
{"block_number": 183, "miner_hash": "0x38A2462322B7e2abc64bA05C67039373CEECD2A4", "block_hash": "0xe9dba06fff9adce46aaa30b17bbbd0a551a9689b3c34a931dd3eda9105d41322", "block_time": 1703691682, "block_parent": "0xb32c2b7407913e41c7633168c32086f76170a82ec8c6b08f2f8a616d96ab15dd"}
{"block_number": 184, "miner_hash": "0x38A2462322B7e2abc64bA05C67039373CEECD2A4", "block_hash": "0x83c6448d3522919e1c37be89b6e92fb71572ee59b60be98bc07b5c159c8eb03f", "block_time": 1703691683, "block_parent": "0xe9dba06fff9adce46aaa30b17bbbd0a551a9689b3c34a931dd3eda9105d41322"}
{"block_number": 185, "miner_hash": "0x28d0bb0021F5792Fd77BF4ec71093Bdd06a5a0c2", "block_hash": "0x19f1790799be13118b991441b442c68924f1bfa5aa3c1505f63b5b8917d15c7b", "block_time": 1703691684, "block_parent": "0x83c6448d3522919e1c37be89b6e92fb71572ee59b60be98bc07b5c159c8eb03f"}
{"block_number": 186, "miner_hash": "0x28d0bb0021F5792Fd77BF4ec71093Bdd06a5a0c2", "block_hash": "0x5036635db4cfc50ac3d18e50b0073ad60ef4c52b71e43b6009aa8a082b147389", "block_time": 1703691685, "block_parent": "0x19f1790799be13118b991441b442c68924f1bfa5aa3c1505f63b5b8917d15c7b"}
{"block_number": 187, "miner_hash": "0x6fe659260A1c1C41Bcc9667c10ac9b38731c33b9", "block_hash": "0x1d21a49d4036b9d8756697b27993f8e9abbd8a2fc52cda5bdfe582cebfa085f4", "block_time": 1703691686, "block_parent": "0x5036635db4cfc50ac3d18e50b0073ad60ef4c52b71e43b6009aa8a082b147389"}
{"block_number": 188, "miner_hash": "0xd1D41D64FF777ffB35277A783E0026E235C5f7b0", "block_hash": "0x143ee723df8834adc5384ba213b38aa94a6ec13167dba6a2154394e1500588d8", "block_time": 1703691687, "block_parent": "0x1d21a49d4036b9d8756697b27993f8e9abbd8a2fc52cda5bdfe582cebfa085f4"}
{"block_number": 189, "miner_hash": "0xd1D41D64FF777ffB35277A783E0026E235C5f7b0", "block_hash": "0x8459d015104790940c232a85807b46df2c1e25483710826b317ebb80a8fe9c92", "block_time": 1703691688, "block_parent": "0x143ee723df8834adc5384ba213b38aa94a6ec13167dba6a2154394e1500588d8"}
{"block_number": 190, "miner_hash": "0xd1D41D64FF777ffB35277A783E0026E235C5f7b0", "block_hash": "0x1e41afd42ca869276c4658483268e3187d133fa20eb68650b56322a0d834fcfe", "block_time": 1703691689, "block_parent": "0x8459d015104790940c232a85807b46df2c1e25483710826b317ebb80a8fe9c92"}
{"block_number": 191, "miner_hash": "0x734EDE7eeC3544019Ca11A8c561d09990bD71E76", "block_hash": "0x7dfddc4952a912796ed8965e26ef155468bc8f4e725049eacc102433f7afcc3c", "block_time": 1703691690, "block_parent": "0x1e41afd42ca869276c4658483268e3187d133fa20eb68650b56322a0d834fcfe"}
{"block_number": 192, "miner_hash": "0xd1D41D64FF777ffB35277A783E0026E235C5f7b0", "block_hash": "0xbeebaf5c07303b418569ac84c46fe18ad3ec1b607138d8fd59ccdf90360dcda8", "block_time": 1703691691, "block_parent": "0x02e8455b725b87084de3f95bc72ed58e21eb9fa9f56cfdb6d1a5d94f411c67e4"}
{"block_number": 193, "miner_hash": "0xbe3d4F30f1Ff55D66aBC6b7881191BfCcd1Fc411", "block_hash": "0xf24603e5497af02779920243920f7f47add6d94d3a132038d169898acd597278", "block_time": 1703691692, "block_parent": "0xbeebaf5c07303b418569ac84c46fe18ad3ec1b607138d8fd59ccdf90360dcda8"}
{"block_number": 194, "miner_hash": "0x13F9D0cb7F2D820516741Af5EA73dE9957097f79", "block_hash": "0xfc353c0236584455be3c2ea3acd75701211e7f34774f7fb93a5629acf3365a5c", "block_time": 1703691696, "block_parent": "0xf24603e5497af02779920243920f7f47add6d94d3a132038d169898acd597278"}
{"block_number": 195, "miner_hash": "0x38A2462322B7e2abc64bA05C67039373CEECD2A4", "block_hash": "0xa04d625b55400517e618916533cf36bd20b776a4d39464110d6c60f6d61a5f50", "block_time": 1703691697, "block_parent": "0xfc353c0236584455be3c2ea3acd75701211e7f34774f7fb93a5629acf3365a5c"}
{"block_number": 196, "miner_hash": "0xbe3d4F30f1Ff55D66aBC6b7881191BfCcd1Fc411", "block_hash": "0x344be10199994ba3f9ae2bd59d040c254fa662b3117a6a7b646aac0668c3b2c3", "block_time": 1703691700, "block_parent": "0xa04d625b55400517e618916533cf36bd20b776a4d39464110d6c60f6d61a5f50"}
{"block_number": 197, "miner_hash": "0x13F9D0cb7F2D820516741Af5EA73dE9957097f79", "block_hash": "0x19fd98db3ff8b93edaaac48c672f4732f07857b9363cd9a367c7b16450cdf8d0", "block_time": 1703691701, "block_parent": "0x344be10199994ba3f9ae2bd59d040c254fa662b3117a6a7b646aac0668c3b2c3"}
{"block_number": 197, "miner_hash": "0x38A2462322B7e2abc64bA05C67039373CEECD2A4", "block_hash": "0x002e22d605dbf5a9ab394f66399103c1371ef2c053dfccc033074fe45cd58500", "block_time": 1703691701, "block_parent": "0x344be10199994ba3f9ae2bd59d040c254fa662b3117a6a7b646aac0668c3b2c3"}
{"block_number": 199, "miner_hash": "0xd1D41D64FF777ffB35277A783E0026E235C5f7b0", "block_hash": "0xcf0a1a8a9f177635ece999f7d9ba571f14dc08c5954c8fcd1c2c1d2ef3e58fcc", "block_time": 1703691703, "block_parent": "0x10bf75809b236537a9f7a14e5b4357a545b637bc787f1803e017a7ee336508a5"}
{"block_number": 199, "miner_hash": "0xd1D41D64FF777ffB35277A783E0026E235C5f7b0", "block_hash": "0xcf0a1a8a9f177635ece999f7d9ba571f14dc08c5954c8fcd1c2c1d2ef3e58fcc", "block_time": 1703691703, "block_parent": "0x10bf75809b236537a9f7a14e5b4357a545b637bc787f1803e017a7ee336508a5"}
{"block_number": 200, "miner_hash": "0x734EDE7eeC3544019Ca11A8c561d09990bD71E76", "block_hash": "0x23fd64fb2b2f8bc0ae86dce48763d173d844f51e7f8567ea90b2d7d4f93d8191", "block_time": 1703691704, "block_parent": "0xcf0a1a8a9f177635ece999f7d9ba571f14dc08c5954c8fcd1c2c1d2ef3e58fcc"}
{"block_number": 201, "miner_hash": "0xbe3d4F30f1Ff55D66aBC6b7881191BfCcd1Fc411", "block_hash": "0xce007e210487c5708c42f5c640aa7e13d47f4fa5950d25138b3311cfbfe51244", "block_time": 1703691705, "block_parent": "0x52074c1a22f4bdc3f6dc315aaba60ce2c5867312986ec06b6dd18666e197b6e5"}
{"block_number": 202, "miner_hash": "0x734EDE7eeC3544019Ca11A8c561d09990bD71E76", "block_hash": "0x2ddf748361fb31e863823ea80e1da4f03c728136d00663a65ce6c86510ee100f", "block_time": 1703691708, "block_parent": "0xce007e210487c5708c42f5c640aa7e13d47f4fa5950d25138b3311cfbfe51244"}
{"block_number": 203, "miner_hash": "0x734EDE7eeC3544019Ca11A8c561d09990bD71E76", "block_hash": "0xfd2977288f059a2de00c67ef51ee2cd38fe1f5cec950dae1f819230c589e58d7", "block_time": 1703691709, "block_parent": "0x2ddf748361fb31e863823ea80e1da4f03c728136d00663a65ce6c86510ee100f"}
{"block_number": 204, "miner_hash": "0x734EDE7eeC3544019Ca11A8c561d09990bD71E76", "block_hash": "0x5bfbc503dd920724c459312624b17e55671bf7d80ee218109a08f9594e1a15e6", "block_time": 1703691713, "block_parent": "0xfd2977288f059a2de00c67ef51ee2cd38fe1f5cec950dae1f819230c589e58d7"}
{"block_number": 205, "miner_hash": "0xbe3d4F30f1Ff55D66aBC6b7881191BfCcd1Fc411", "block_hash": "0x4005cc17edb5a719626d0d4f2b10e098d34a733a3a79f778c3fcd2bbdf4de6f9", "block_time": 1703691711, "block_parent": "0x4aa109ce726de1fd11470a5f3b56207a5dbaf3b324fabb1e4f39749682a53dda"}
{"block_number": 206, "miner_hash": "0xbe3d4F30f1Ff55D66aBC6b7881191BfCcd1Fc411", "block_hash": "0xbdf1a0bf0bb8dfc1b8d506d9bb39445d7c7f5e7b1c3df9cf7701bd8cf8704705", "block_time": 1703691713, "block_parent": "0x4005cc17edb5a719626d0d4f2b10e098d34a733a3a79f778c3fcd2bbdf4de6f9"}
{"block_number": 207, "miner_hash": "0x13F9D0cb7F2D820516741Af5EA73dE9957097f79", "block_hash": "0x6ad9b09a3ee51fe8179f0ce6a98d7cb55f3e316fa32762ba85e2fc22296a02a8", "block_time": 1703691715, "block_parent": "0xbdf1a0bf0bb8dfc1b8d506d9bb39445d7c7f5e7b1c3df9cf7701bd8cf8704705"}
{"block_number": 208, "miner_hash": "0x38A2462322B7e2abc64bA05C67039373CEECD2A4", "block_hash": "0x95e98fe9e9abf4813ef8dcc069dcf043aad7cce40473367fc9ac88caa54915c7", "block_time": 1703691716, "block_parent": "0x6ad9b09a3ee51fe8179f0ce6a98d7cb55f3e316fa32762ba85e2fc22296a02a8"}
{"block_number": 209, "miner_hash": "0x734EDE7eeC3544019Ca11A8c561d09990bD71E76", "block_hash": "0x04c740e810efa1c9237e9f4ee92d0e0886af951d3bca113acf4ac351a813932c", "block_time": 1703691717, "block_parent": "0x95e98fe9e9abf4813ef8dcc069dcf043aad7cce40473367fc9ac88caa54915c7"}
{"block_number": 210, "miner_hash": "0xf800ad07fB2e81F2EBF8e5BFb281FdFc807B4C19", "block_hash": "0x2a68be03593aee7957564a214fb06665e339ca6d3bc9fdaff0d63e51a79ae9d7", "block_time": 1703691719, "block_parent": "0x99920b88e942f1cfef3f482c60248e53fa89b7084f0914a3c0268ef08667eb89"}
{"block_number": 211, "miner_hash": "0x28d0bb0021F5792Fd77BF4ec71093Bdd06a5a0c2", "block_hash": "0x7971b4d26966a2a1dbfcdefe7695cabfa1f3f0d1324ec213893b619702c3f246", "block_time": 1703691720, "block_parent": "0x2a68be03593aee7957564a214fb06665e339ca6d3bc9fdaff0d63e51a79ae9d7"}
{"block_number": 212, "miner_hash": "0x6fe659260A1c1C41Bcc9667c10ac9b38731c33b9", "block_hash": "0x92f0204555a5b92fc83b0b54ad36d05adabca225a15e72b61296ffe9a9f02a57", "block_time": 1703691721, "block_parent": "0x7971b4d26966a2a1dbfcdefe7695cabfa1f3f0d1324ec213893b619702c3f246"}
{"block_number": 213, "miner_hash": "0x28d0bb0021F5792Fd77BF4ec71093Bdd06a5a0c2", "block_hash": "0x33d96f1f506c41f0708c8e45557f25ce63807b2911f58825d3a0507cce1dbc87", "block_time": 1703691722, "block_parent": "0x92f0204555a5b92fc83b0b54ad36d05adabca225a15e72b61296ffe9a9f02a57"}
{"block_number": 214, "miner_hash": "0xf800ad07fB2e81F2EBF8e5BFb281FdFc807B4C19", "block_hash": "0x67cf2ca46307480013257857b8323391f7508d80b059f6eda4186a6aed8793bf", "block_time": 1703691723, "block_parent": "0x33d96f1f506c41f0708c8e45557f25ce63807b2911f58825d3a0507cce1dbc87"}
{"block_number": 215, "miner_hash": "0x734EDE7eeC3544019Ca11A8c561d09990bD71E76", "block_hash": "0x6e8849cf3128678f1a6883ae925abf0b6fccd75e1c79b3a8d024606bb700ab47", "block_time": 1703691726, "block_parent": "0x67cf2ca46307480013257857b8323391f7508d80b059f6eda4186a6aed8793bf"}
{"block_number": 216, "miner_hash": "0x734EDE7eeC3544019Ca11A8c561d09990bD71E76", "block_hash": "0xfe3e5f19619546761a7c414d02a9e3e0f09a4dbda77ae53abaa1bfae164d9ab9", "block_time": 1703691727, "block_parent": "0x6e8849cf3128678f1a6883ae925abf0b6fccd75e1c79b3a8d024606bb700ab47"}
{"block_number": 217, "miner_hash": "0x734EDE7eeC3544019Ca11A8c561d09990bD71E76", "block_hash": "0xc90fc50dccf58677e98f411f509f01908a88d2a55fcbfe9941c13250fb3268a9", "block_time": 1703691728, "block_parent": "0xfe3e5f19619546761a7c414d02a9e3e0f09a4dbda77ae53abaa1bfae164d9ab9"}
{"block_number": 218, "miner_hash": "0x734EDE7eeC3544019Ca11A8c561d09990bD71E76", "block_hash": "0xf1b9a2294a3d6e6aa1823fa3d21113d95be54c1ee702f88ed32ca901d33b0027", "block_time": 1703691729, "block_parent": "0xc90fc50dccf58677e98f411f509f01908a88d2a55fcbfe9941c13250fb3268a9"}
{"block_number": 219, "miner_hash": "0x734EDE7eeC3544019Ca11A8c561d09990bD71E76", "block_hash": "0xa4c330562ac990353c4855abb98808f442dd8009c282fdf920322a21971527b7", "block_time": 1703691731, "block_parent": "0xf1b9a2294a3d6e6aa1823fa3d21113d95be54c1ee702f88ed32ca901d33b0027"}
{"block_number": 220, "miner_hash": "0x734EDE7eeC3544019Ca11A8c561d09990bD71E76", "block_hash": "0x6dd43de4e6e6616afab2fcdb93c22ccf76049502df819ee34f2a55574115f8d5", "block_time": 1703691733, "block_parent": "0xa4c330562ac990353c4855abb98808f442dd8009c282fdf920322a21971527b7"}
{"block_number": 221, "miner_hash": "0x734EDE7eeC3544019Ca11A8c561d09990bD71E76", "block_hash": "0x4a423233883cc04d2fd8729171616ac65ed8215eb77ebb097340ab563ea1b968", "block_time": 1703691746, "block_parent": "0x6dd43de4e6e6616afab2fcdb93c22ccf76049502df819ee34f2a55574115f8d5"}
{"block_number": 227, "miner_hash": "0xbe3d4F30f1Ff55D66aBC6b7881191BfCcd1Fc411", "block_hash": "0x196f3168df99d868a54036c12c90e6128c466116ab1d31a3205176c4a4d5452d", "block_time": 1703691746, "block_parent": "0x69a6ba2182b5d1b2883da62b14d0b70bbceb3bd78fbe7606b674b2b27aad2320"}
{"block_number": 246, "miner_hash": "0x13F9D0cb7F2D820516741Af5EA73dE9957097f79", "block_hash": "0x919a60c3714d61a9d4939b9dac8b34a089562c72b6e82b4e1f3cdc4c2f4110ff", "block_time": 1703691766, "block_parent": "0x7b81147ce9efd02831b7593113187cbe47b76a9417e21882144048da4d50e6e3"}
{"block_number": 247, "miner_hash": "0xf800ad07fB2e81F2EBF8e5BFb281FdFc807B4C19", "block_hash": "0xe6bf50cf9f6c9b0d5e6cd39e0de3d9b39a457272be8e3d6ff618a3894c5d91f8", "block_time": 1703691767, "block_parent": "0x919a60c3714d61a9d4939b9dac8b34a089562c72b6e82b4e1f3cdc4c2f4110ff"}
{"block_number": 248, "miner_hash": "0x734EDE7eeC3544019Ca11A8c561d09990bD71E76", "block_hash": "0xbf2810da14fb9d22b8308d2cad106f164f8ab37bcb270da61673d4b1ce305620", "block_time": 1703691768, "block_parent": "0xe6bf50cf9f6c9b0d5e6cd39e0de3d9b39a457272be8e3d6ff618a3894c5d91f8"}
{"block_number": 249, "miner_hash": "0x6fe659260A1c1C41Bcc9667c10ac9b38731c33b9", "block_hash": "0xd7f61962037b6517bc1b70264131836bdec8a7a5647b4256770e98a4ef7d7e73", "block_time": 1703691769, "block_parent": "0xc626c2f62ad2b6eb60f53ac1e9db9a509b8d1033bac9549ef2c3b1f7c9713de7"}
{"block_number": 249, "miner_hash": "0x38A2462322B7e2abc64bA05C67039373CEECD2A4", "block_hash": "0x55c859355c56fa6defed3882cf8d91066c4447dc319cf8a9c0ad42fa34a043a0", "block_time": 1703691769, "block_parent": "0xc626c2f62ad2b6eb60f53ac1e9db9a509b8d1033bac9549ef2c3b1f7c9713de7"}
{"block_number": 250, "miner_hash": "0xd1D41D64FF777ffB35277A783E0026E235C5f7b0", "block_hash": "0x9dd308a22e16a26cd0f250db9e6241b32d894e9999321c86424db7939356497a", "block_time": 1703691771, "block_parent": "0x55c859355c56fa6defed3882cf8d91066c4447dc319cf8a9c0ad42fa34a043a0"}
{"block_number": 251, "miner_hash": "0xd1D41D64FF777ffB35277A783E0026E235C5f7b0", "block_hash": "0x8701d22d7b8d0624133edb7186b5cf02a117a4f9a1a89e8d6bc7faf1c34ec700", "block_time": 1703691772, "block_parent": "0x9dd308a22e16a26cd0f250db9e6241b32d894e9999321c86424db7939356497a"}
{"block_number": 252, "miner_hash": "0x28d0bb0021F5792Fd77BF4ec71093Bdd06a5a0c2", "block_hash": "0xa0a2081b1d72a4fe9678957d99524bded5e4ce9ff2ed65866e3e725f7bac6608", "block_time": 1703691773, "block_parent": "0x8701d22d7b8d0624133edb7186b5cf02a117a4f9a1a89e8d6bc7faf1c34ec700"}
{"block_number": 252, "miner_hash": "0xd1D41D64FF777ffB35277A783E0026E235C5f7b0", "block_hash": "0x38de8a81b4e778a9e6799ccfd6b27515f1b4ac30facaa3ed2672218a43967d1c", "block_time": 1703691773, "block_parent": "0x8701d22d7b8d0624133edb7186b5cf02a117a4f9a1a89e8d6bc7faf1c34ec700"}
{"block_number": 253, "miner_hash": "0xbe3d4F30f1Ff55D66aBC6b7881191BfCcd1Fc411", "block_hash": "0x665541d3de075321e340b747ee0e14f292ac0220ca0da83ef32a9a9617bd134d", "block_time": 1703691774, "block_parent": "0xa0a2081b1d72a4fe9678957d99524bded5e4ce9ff2ed65866e3e725f7bac6608"}
{"block_number": 254, "miner_hash": "0x734EDE7eeC3544019Ca11A8c561d09990bD71E76", "block_hash": "0x37025f75e70abd084d2189a757aed8f86ff4f204d1804eb96ff61e1e0f1f2149", "block_time": 1703691776, "block_parent": "0x665541d3de075321e340b747ee0e14f292ac0220ca0da83ef32a9a9617bd134d"}
{"block_number": 255, "miner_hash": "0x6fe659260A1c1C41Bcc9667c10ac9b38731c33b9", "block_hash": "0x2de463ac99e3071f34e506699ecd417b9209c2d4d16f36a4607f0520a85f0e66", "block_time": 1703691779, "block_parent": "0xe4101a8c080d5c9ff8cfc161245305d6bf8b2a14a1bc9b2ee9178a746b72f674"}
{"block_number": 256, "miner_hash": "0x38A2462322B7e2abc64bA05C67039373CEECD2A4", "block_hash": "0x788b38de9e3db44c574c5ef40679b28bbe36e8a727cce96ed7303b1fd23d0a54", "block_time": 1703691780, "block_parent": "0x2de463ac99e3071f34e506699ecd417b9209c2d4d16f36a4607f0520a85f0e66"}
{"block_number": 257, "miner_hash": "0x734EDE7eeC3544019Ca11A8c561d09990bD71E76", "block_hash": "0x4963b1d30176a436c9c7e26aa91715244f3ea3004459e1dd0e6336923919c8c3", "block_time": 1703691781, "block_parent": "0x788b38de9e3db44c574c5ef40679b28bbe36e8a727cce96ed7303b1fd23d0a54"}
{"block_number": 258, "miner_hash": "0xd1D41D64FF777ffB35277A783E0026E235C5f7b0", "block_hash": "0x73846cdcdfd27590af77d0ba5829701d2059876fb1e484e7b455b08ad8a5c245", "block_time": 1703691783, "block_parent": "0xb5eb72b1504075e12ab46260293e0325c97d779e2f19e6957fb38a01cd599805"}
{"block_number": 259, "miner_hash": "0xbe3d4F30f1Ff55D66aBC6b7881191BfCcd1Fc411", "block_hash": "0xea9e69cbdf0eb2aa3027ef28f3796daddb4cd887b06392109490a843c6d1e149", "block_time": 1703691785, "block_parent": "0xcf2a8aad217f09562681c31ba9d590222f0507d7b4cb692076f5190e75cd71a2"}
{"block_number": 260, "miner_hash": "0xbe3d4F30f1Ff55D66aBC6b7881191BfCcd1Fc411", "block_hash": "0x218a155456e22ffc64d0e8a50029509f27bf7f0f3f67a7036709e3844a5347aa", "block_time": 1703691786, "block_parent": "0xea9e69cbdf0eb2aa3027ef28f3796daddb4cd887b06392109490a843c6d1e149"}
{"block_number": 261, "miner_hash": "0x734EDE7eeC3544019Ca11A8c561d09990bD71E76", "block_hash": "0xe0f2dbbee07648a48663d831698b2230755f6405cf552d21658c2ee5d643ae32", "block_time": 1703691787, "block_parent": "0x218a155456e22ffc64d0e8a50029509f27bf7f0f3f67a7036709e3844a5347aa"}
{"block_number": 261, "miner_hash": "0xd1D41D64FF777ffB35277A783E0026E235C5f7b0", "block_hash": "0xca675619e88ddd1f3f446f04fb607429e3b581affc728260f0160fad9d273716", "block_time": 1703691788, "block_parent": "0x0afa50367042c8eb1bc53d16611cd76a7191b5ce724f4fd6af830d8b23cce14f"}
{"block_number": 262, "miner_hash": "0x734EDE7eeC3544019Ca11A8c561d09990bD71E76", "block_hash": "0x29227e43f8d519817a140cba5dbef2cf5e4f8ffe26b08320eec23f6e9ba954f0", "block_time": 1703691789, "block_parent": "0xca675619e88ddd1f3f446f04fb607429e3b581affc728260f0160fad9d273716"}
{"block_number": 263, "miner_hash": "0x734EDE7eeC3544019Ca11A8c561d09990bD71E76", "block_hash": "0x09b58bc6beba71923cd8da177c19c2c26e5e34871a06ba3558b099cc73299f03", "block_time": 1703691790, "block_parent": "0x29227e43f8d519817a140cba5dbef2cf5e4f8ffe26b08320eec23f6e9ba954f0"}
{"block_number": 264, "miner_hash": "0x6fe659260A1c1C41Bcc9667c10ac9b38731c33b9", "block_hash": "0xad14c94064d2d165c5edf3135e34dd8ee2311e5456d63dfb4c99e85483349c30", "block_time": 1703691791, "block_parent": "0x5af97e5cb31915683bd84f8c2faeb3ec236c5d5ae4b70fd65493327b45a7276e"}
{"block_number": 268, "miner_hash": "0xbe3d4F30f1Ff55D66aBC6b7881191BfCcd1Fc411", "block_hash": "0xcf5dfedf51300237c47948202498225c1f87f535c8948f03fb984f6663d01abd", "block_time": 1703691795, "block_parent": "0xdc8291259a0d698e61afd492e0ccb3c95dc5423e01af9c8da6d7b3f4cd941deb"}
{"block_number": 269, "miner_hash": "0x13F9D0cb7F2D820516741Af5EA73dE9957097f79", "block_hash": "0x64c7d69c440b9b7b4f4f492c749862912c7a60f47462c88336c7add174488a17", "block_time": 1703691798, "block_parent": "0xcf5dfedf51300237c47948202498225c1f87f535c8948f03fb984f6663d01abd"}
{"block_number": 270, "miner_hash": "0x28d0bb0021F5792Fd77BF4ec71093Bdd06a5a0c2", "block_hash": "0xe55a9583c8f2a95c9e4166dc94fc8e9d42cbb42c85d7b21d66e8261dabdf8b84", "block_time": 1703691799, "block_parent": "0x64c7d69c440b9b7b4f4f492c749862912c7a60f47462c88336c7add174488a17"}
{"block_number": 271, "miner_hash": "0x13F9D0cb7F2D820516741Af5EA73dE9957097f79", "block_hash": "0x750d4dccc8ea7dc9808b0f4c5dc4f5d349640be6e519fe7bfb7bd4d792c4c1b1", "block_time": 1703691802, "block_parent": "0xe55a9583c8f2a95c9e4166dc94fc8e9d42cbb42c85d7b21d66e8261dabdf8b84"}
{"block_number": 272, "miner_hash": "0xbe3d4F30f1Ff55D66aBC6b7881191BfCcd1Fc411", "block_hash": "0xf4a3c134d7e20d1a510b57e632df632c7c6bc20c916750bc17753921a97c189c", "block_time": 1703691805, "block_parent": "0x750d4dccc8ea7dc9808b0f4c5dc4f5d349640be6e519fe7bfb7bd4d792c4c1b1"}
{"block_number": 273, "miner_hash": "0x28d0bb0021F5792Fd77BF4ec71093Bdd06a5a0c2", "block_hash": "0x2ff32e3076650d028d03cbe35b50e0df3fbfaae933558cd297766cb10cced35d", "block_time": 1703691806, "block_parent": "0xf4a3c134d7e20d1a510b57e632df632c7c6bc20c916750bc17753921a97c189c"}
{"block_number": 275, "miner_hash": "0xd1D41D64FF777ffB35277A783E0026E235C5f7b0", "block_hash": "0x44caed56860baea1cc1adb86326eb02a2d30d140840d53f869391ca21230daec", "block_time": 1703691808, "block_parent": "0x3c9cdf34fbfa12119dc956b3036c001262aae421187f084287d981c26890b4ad"}
{"block_number": 275, "miner_hash": "0xd1D41D64FF777ffB35277A783E0026E235C5f7b0", "block_hash": "0x44caed56860baea1cc1adb86326eb02a2d30d140840d53f869391ca21230daec", "block_time": 1703691808, "block_parent": "0x3c9cdf34fbfa12119dc956b3036c001262aae421187f084287d981c26890b4ad"}
{"block_number": 276, "miner_hash": "0x28d0bb0021F5792Fd77BF4ec71093Bdd06a5a0c2", "block_hash": "0xf0a6b241af6fcf0fb53682c549e9ad63c6dc8f977cad4e1a8d35ca6de1cc7096", "block_time": 1703691809, "block_parent": "0x44caed56860baea1cc1adb86326eb02a2d30d140840d53f869391ca21230daec"}
{"block_number": 276, "miner_hash": "0x13F9D0cb7F2D820516741Af5EA73dE9957097f79", "block_hash": "0x1f21ff03430c0d7294cfd608051061d0aad544d896107b8a59643f7a1f0fdafd", "block_time": 1703691809, "block_parent": "0x44caed56860baea1cc1adb86326eb02a2d30d140840d53f869391ca21230daec"}
{"block_number": 276, "miner_hash": "0x38A2462322B7e2abc64bA05C67039373CEECD2A4", "block_hash": "0x6af399b5f9e71377c6b766f033c1a731a9529e359bdd2a1fa5c96422f778b653", "block_time": 1703691809, "block_parent": "0x44caed56860baea1cc1adb86326eb02a2d30d140840d53f869391ca21230daec"}
{"block_number": 277, "miner_hash": "0xf800ad07fB2e81F2EBF8e5BFb281FdFc807B4C19", "block_hash": "0xe738eed260111e5e20242702b4f640d1e27836a829c873f67c113d2b00231b15", "block_time": 1703691810, "block_parent": "0xf0a6b241af6fcf0fb53682c549e9ad63c6dc8f977cad4e1a8d35ca6de1cc7096"}
{"block_number": 278, "miner_hash": "0x28d0bb0021F5792Fd77BF4ec71093Bdd06a5a0c2", "block_hash": "0x6f4796776ae48f05078849d1e8889a247bc267348e19cc62371ed5549178bfaa", "block_time": 1703691811, "block_parent": "0x2c8298fbbda6e72d3bac7ce59f6cb286412b573d934942e5ec53434e76f9dc0e"}
{"block_number": 279, "miner_hash": "0x28d0bb0021F5792Fd77BF4ec71093Bdd06a5a0c2", "block_hash": "0xb780b05442bc8a13b8620e94fa9610e1fb864800bb55338fe8026a52482160a2", "block_time": 1703691812, "block_parent": "0x6f4796776ae48f05078849d1e8889a247bc267348e19cc62371ed5549178bfaa"}
{"block_number": 280, "miner_hash": "0x734EDE7eeC3544019Ca11A8c561d09990bD71E76", "block_hash": "0x9d07ded0ff37b602b02a1cff0b21f9e086f6e8715970dfe3cf476547fd2330e8", "block_time": 1703691813, "block_parent": "0xb780b05442bc8a13b8620e94fa9610e1fb864800bb55338fe8026a52482160a2"}
{"block_number": 281, "miner_hash": "0xbe3d4F30f1Ff55D66aBC6b7881191BfCcd1Fc411", "block_hash": "0x70b83848c0a6b7e9da5d77db109d52f65a72730c8e362770db2525b98ac23f7c", "block_time": 1703691816, "block_parent": "0xd533705df19b7f8b093437f975bc2a8a89bf9c8fdda469179687af6e6a6c75ab"}
{"block_number": 282, "miner_hash": "0xf800ad07fB2e81F2EBF8e5BFb281FdFc807B4C19", "block_hash": "0x3f74062528cc929b2bfaaa18b8670c168378a9bf64f104d388195460cd8f4172", "block_time": 1703691817, "block_parent": "0x70b83848c0a6b7e9da5d77db109d52f65a72730c8e362770db2525b98ac23f7c"}
{"block_number": 283, "miner_hash": "0x734EDE7eeC3544019Ca11A8c561d09990bD71E76", "block_hash": "0x4c41e9461baa9d0b61c0bad47b6b99f4b9ea06d7976bc6852694cd2ee3498a80", "block_time": 1703691818, "block_parent": "0x3f74062528cc929b2bfaaa18b8670c168378a9bf64f104d388195460cd8f4172"}
{"block_number": 284, "miner_hash": "0x6fe659260A1c1C41Bcc9667c10ac9b38731c33b9", "block_hash": "0xb337f75c23cd838ab717f89162fbe6271613c221e3a9d3f908cee5a3f685e486", "block_time": 1703691820, "block_parent": "0x3689c86f7bb76bfafc8ad068ca1ce481b2ae0fb0da10b5266cb52944216c99c0"}
{"block_number": 285, "miner_hash": "0x734EDE7eeC3544019Ca11A8c561d09990bD71E76", "block_hash": "0x826a372e7e8a79dafb860b52c0c6b92f152ce5e989304aca64389667810ce4a0", "block_time": 1703691821, "block_parent": "0xb337f75c23cd838ab717f89162fbe6271613c221e3a9d3f908cee5a3f685e486"}
{"block_number": 286, "miner_hash": "0xf800ad07fB2e81F2EBF8e5BFb281FdFc807B4C19", "block_hash": "0xd8b8b3609d688eda5ad5f38134a7ad5dc65ebaa3b63b19a27ee7f1b6e6b9f2a9", "block_time": 1703691822, "block_parent": "0x66e424a1eef876eb2a1a016588d1e0ddbbece9a744cdc7b47224f57717f67129"}
{"block_number": 287, "miner_hash": "0x13F9D0cb7F2D820516741Af5EA73dE9957097f79", "block_hash": "0x679b9c3df86ddfec2f2fdfd874fc45a2d985f98e760e87f0cfb09c8a4734f46b", "block_time": 1703691824, "block_parent": "0xd8b8b3609d688eda5ad5f38134a7ad5dc65ebaa3b63b19a27ee7f1b6e6b9f2a9"}
{"block_number": 288, "miner_hash": "0x13F9D0cb7F2D820516741Af5EA73dE9957097f79", "block_hash": "0xdd23759312ab7d134c618b9ed538b807883bbe9b13d5c8a79c16a4e3bda53dfa", "block_time": 1703691825, "block_parent": "0x679b9c3df86ddfec2f2fdfd874fc45a2d985f98e760e87f0cfb09c8a4734f46b"}
{"block_number": 289, "miner_hash": "0xd1D41D64FF777ffB35277A783E0026E235C5f7b0", "block_hash": "0x61817ae90bdebe3fdb4079b4f4915f6dcf223652b41171ff072d6cd0939f32cd", "block_time": 1703691826, "block_parent": "0xdd23759312ab7d134c618b9ed538b807883bbe9b13d5c8a79c16a4e3bda53dfa"}
{"block_number": 291, "miner_hash": "0xd1D41D64FF777ffB35277A783E0026E235C5f7b0", "block_hash": "0xdac505e72ed6939ac3dc0385901f6a1b714aa0db652e054f6fa44697ad0a2251", "block_time": 1703691828, "block_parent": "0x4a6464a4f34f524203fa0cc5c320ddfe4977ff641edc30018194223f2c845521"}
{"block_number": 292, "miner_hash": "0x734EDE7eeC3544019Ca11A8c561d09990bD71E76", "block_hash": "0x2d37e58df346df55cd99736d189f53a8d7a80ddc9794e0aff93d8592e7d67bac", "block_time": 1703691829, "block_parent": "0xdac505e72ed6939ac3dc0385901f6a1b714aa0db652e054f6fa44697ad0a2251"}
{"block_number": 293, "miner_hash": "0xd1D41D64FF777ffB35277A783E0026E235C5f7b0", "block_hash": "0xbbfd576ea77a6c1a845436d9dfcff38cdd84c910ea7b2321991e9e311cc74ca3", "block_time": 1703691830, "block_parent": "0xd53dc0905492247a3bcef4a17529b00a618b8361d25dc6179056e5f5633f1744"}
{"block_number": 294, "miner_hash": "0x6fe659260A1c1C41Bcc9667c10ac9b38731c33b9", "block_hash": "0x4c4ed5067979be1b88494f25f5221b66f29b2e9517d3094e2750f3368ddfe5c8", "block_time": 1703691831, "block_parent": "0xbbfd576ea77a6c1a845436d9dfcff38cdd84c910ea7b2321991e9e311cc74ca3"}
{"block_number": 295, "miner_hash": "0xf800ad07fB2e81F2EBF8e5BFb281FdFc807B4C19", "block_hash": "0xef15ea85f8dd516bf5a3f0f9052129bcd3feae779bc425a7232e8755fee3054f", "block_time": 1703691832, "block_parent": "0x4c4ed5067979be1b88494f25f5221b66f29b2e9517d3094e2750f3368ddfe5c8"}
{"block_number": 296, "miner_hash": "0x13F9D0cb7F2D820516741Af5EA73dE9957097f79", "block_hash": "0xfb5f32d303159b50c75f804cd8bb2d6fed798bc6018a851ff9e28f15a72b512b", "block_time": 1703691833, "block_parent": "0xef15ea85f8dd516bf5a3f0f9052129bcd3feae779bc425a7232e8755fee3054f"}
{"block_number": 296, "miner_hash": "0x28d0bb0021F5792Fd77BF4ec71093Bdd06a5a0c2", "block_hash": "0x061903bed18352660c87d151fcc213eaac8da714e0bebc9c67033109674566ff", "block_time": 1703691833, "block_parent": "0xef15ea85f8dd516bf5a3f0f9052129bcd3feae779bc425a7232e8755fee3054f"}
{"block_number": 297, "miner_hash": "0xbe3d4F30f1Ff55D66aBC6b7881191BfCcd1Fc411", "block_hash": "0xbd18ccb3fa70819054903f655320393b211011b3d79edbf32edf85e833b626f6", "block_time": 1703691836, "block_parent": "0x061903bed18352660c87d151fcc213eaac8da714e0bebc9c67033109674566ff"}
{"block_number": 298, "miner_hash": "0xd1D41D64FF777ffB35277A783E0026E235C5f7b0", "block_hash": "0xa056e5fcd38748a89c2034a5486465607b6a7003d2751995c5dd977915640e40", "block_time": 1703691841, "block_parent": "0xbd18ccb3fa70819054903f655320393b211011b3d79edbf32edf85e833b626f6"}
{"block_number": 299, "miner_hash": "0x6fe659260A1c1C41Bcc9667c10ac9b38731c33b9", "block_hash": "0xb356c6ca2cc024e451b3524782c8640f852ba6ba800951b97aba22b5b4b32ea2", "block_time": 1703691843, "block_parent": "0xa056e5fcd38748a89c2034a5486465607b6a7003d2751995c5dd977915640e40"}
{"block_number": 300, "miner_hash": "0x38A2462322B7e2abc64bA05C67039373CEECD2A4", "block_hash": "0x4b99112efd82cb194591b610453676d60ad0a6c6954b25196c2d7dedbf38214f", "block_time": 1703691844, "block_parent": "0xb356c6ca2cc024e451b3524782c8640f852ba6ba800951b97aba22b5b4b32ea2"}
{"block_number": 301, "miner_hash": "0x13F9D0cb7F2D820516741Af5EA73dE9957097f79", "block_hash": "0x93132b0ffd72942cd7e8b21eabc033c36e0372ad3f53c92e8afc0fcadd8f7774", "block_time": 1703691912, "block_parent": "0x4b99112efd82cb194591b610453676d60ad0a6c6954b25196c2d7dedbf38214f"}
{"block_number": 302, "miner_hash": "0x13F9D0cb7F2D820516741Af5EA73dE9957097f79", "block_hash": "0xeee2498ec1718598233ccdd72840beba13312cca6f6b7ff2ccd95882786e9736", "block_time": 1703691917, "block_parent": "0x93132b0ffd72942cd7e8b21eabc033c36e0372ad3f53c92e8afc0fcadd8f7774"}
{"block_number": 303, "miner_hash": "0x13F9D0cb7F2D820516741Af5EA73dE9957097f79", "block_hash": "0xfc5c9a6b7d8ddf0346e5b6baac9a752342243452af0f881b9e03f00038b11023", "block_time": 1703691918, "block_parent": "0xeee2498ec1718598233ccdd72840beba13312cca6f6b7ff2ccd95882786e9736"}
{"block_number": 304, "miner_hash": "0x13F9D0cb7F2D820516741Af5EA73dE9957097f79", "block_hash": "0x98613515d811fa5f02ca507c8fac93990fe9746ed5abcdd31f58c3b61ae45508", "block_time": 1703691935, "block_parent": "0xfc5c9a6b7d8ddf0346e5b6baac9a752342243452af0f881b9e03f00038b11023"}
{"block_number": 305, "miner_hash": "0x13F9D0cb7F2D820516741Af5EA73dE9957097f79", "block_hash": "0x8c9b7fde8abd47a149754d90a803703bfdc8e78441753c9bbca3b792553a2ed3", "block_time": 1703691936, "block_parent": "0x98613515d811fa5f02ca507c8fac93990fe9746ed5abcdd31f58c3b61ae45508"}
